#
# A fatal error has been detected by the Java Runtime Environment:
#
#  SIGSEGV (0xb) at pc=0xb234cdf2, pid=11446, tid=2998319936
#
# JRE version: OpenJDK Runtime Environment (7.0_79-b14) (build 1.7.0_79-b14)
# Java VM: OpenJDK Client VM (24.79-b02 mixed mode, sharing linux-x86 )
# Derivative: IcedTea 2.5.6
# Distribution: Ubuntu 14.04 LTS, package 7u79-2.5.6-0ubuntu1.14.04.1
# Problematic frame:
# C  [mtype196.cooja+0x31df2]  handle_probing_timer+0x82
#
# Failed to write core dump. Core dumps have been disabled. To enable core dumping, try "ulimit -c unlimited" before starting Java again
#
# If you would like to submit a bug report, please include
# instructions on how to reproduce the bug and visit:
#   http://icedtea.classpath.org/bugzilla
# The crash happened outside the Java Virtual Machine in native code.
# See problematic frame for where to report the bug.
#

---------------  T H R E A D  ---------------

Current thread (0x09428000):  JavaThread "Thread-16" [_thread_in_native, id=12073, stack(0xb2b1b000,0xb2b6c000)]

siginfo:si_signo=SIGSEGV: si_errno=0, si_code=1 (SEGV_MAPERR), si_addr=0x00000000

Registers:
EAX=0x00081e8b, EBX=0xb235d138, ECX=0x00000000, EDX=0x00000000
ESP=0xb235f3b0, EBP=0xb235f3d8, ESI=0x00000000, EDI=0x00000000
EIP=0xb234cdf2, EFLAGS=0x00010286, CR2=0x00000000

Top of Stack: (sp=0xb235f3b0)
0xb235f3b0:   b23528f9 b23528f4 b23528f0 b2333a19
0xb235f3c0:   b23890a0 b2384c00 b2367d00 00000000
0xb235f3d0:   b235d138 00000000 b235f408 b2332980
0xb235f3e0:   b23890a0 b238914c b2389150 00000088
0xb235f3f0:   00366d50 01000000 b238914c b235d12c
0xb235f400:   b235d024 b235d28c b235f438 b233357d
0xb235f410:   b235d138 00000088 b2389150 00000088
0xb235f420:   b2330d59 0000000a b235f458 00000001 

Instructions: (pc=0xb234cdf2)
0xb234cdd2:   24 04 f4 28 35 b2 c7 04 24 f9 28 35 b2 e8 9e 3f
0xb234cde2:   fe ff 83 7d ec 00 74 1a e8 d8 3d fe ff 8b 55 f4
0xb234cdf2:   8b 12 29 d0 ba 73 b2 e7 45 f7 e2 89 d6 c1 ee 0e
0xb234ce02:   eb 05 be 00 00 00 00 8b 45 e8 8b 80 cc 00 00 00 

Register to memory mapping:

EAX=0x00081e8b is an unknown value
EBX=0xb235d138: ctimer_process+0xc in /home/user/Desktop/contiki-ng-develop/examples/6tisch/orchestra-test/build/cooja/mtype196.cooja at 0xb231b000
ECX=0x00000000 is an unknown value
EDX=0x00000000 is an unknown value
ESP=0xb235f3b0: <offset 0x443b0> in /home/user/Desktop/contiki-ng-develop/examples/6tisch/orchestra-test/build/cooja/mtype196.cooja at 0xb231b000
EBP=0xb235f3d8: <offset 0x443d8> in /home/user/Desktop/contiki-ng-develop/examples/6tisch/orchestra-test/build/cooja/mtype196.cooja at 0xb231b000
ESI=0x00000000 is an unknown value
EDI=0x00000000 is an unknown value


Stack: [0xb2b1b000,0xb2b6c000],  sp=0xb235f3b0,  free space=4186384k
Native frames: (J=compiled Java code, j=interpreted, Vv=VM code, C=native code)
C  [mtype196.cooja+0x31df2]  handle_probing_timer+0x82
C  [mtype196.cooja+0x17980]  process_thread_ctimer_process+0xe7
C  [mtype196.cooja+0x1857d]  call_process+0x57
C  [mtype196.cooja+0x18772]  do_event+0x112
C  [mtype196.cooja+0x1878f]  process_run+0x1b
C  [mtype196.cooja+0x1530a]  platform_main_loop+0xb
C  [mtype196.cooja+0x17804]  main+0x317
C  [mtype196.cooja+0x1536f]  process_run_thread_loop+0x1a

Java frames: (J=compiled Java code, j=interpreted, Vv=VM code)
J 2794  org.contikios.cooja.corecomm.Lib6.tick()V (0 bytes) @ 0xb4c9a250 [0xb4c9a210+0x40]

[error occurred during error reporting (printing Java stack), id 0xb]


---------------  P R O C E S S  ---------------

Java Threads: ( => current thread )
=>