#
# A fatal error has been detected by the Java Runtime Environment:
#
#  SIGSEGV (0xb) at pc=0xb2416018, pid=2487, tid=2998369088
#
# JRE version: OpenJDK Runtime Environment (7.0_79-b14) (build 1.7.0_79-b14)
# Java VM: OpenJDK Client VM (24.79-b02 mixed mode, sharing linux-x86 )
# Derivative: IcedTea 2.5.6
# Distribution: Ubuntu 14.04 LTS, package 7u79-2.5.6-0ubuntu1.14.04.1
# Problematic frame:
# C  [mtype102.cooja+0x32018]  handle_probing_timer+0x82
#
# Failed to write core dump. Core dumps have been disabled. To enable core dumping, try "ulimit -c unlimited" before starting Java again
#
# If you would like to submit a bug report, please include
# instructions on how to reproduce the bug and visit:
#   http://icedtea.classpath.org/bugzilla
# The crash happened outside the Java Virtual Machine in native code.
# See problematic frame for where to report the bug.
#

---------------  T H R E A D  ---------------

Current thread (0x09d9dc00):  JavaThread "Thread-13" [_thread_in_native, id=4748, stack(0xb2b27000,0xb2b78000)]

siginfo:si_signo=SIGSEGV: si_errno=0, si_code=1 (SEGV_MAPERR), si_addr=0x00000000

Registers:
EAX=0x00048b7f, EBX=0xb2426138, ECX=0x00000000, EDX=0x00000000
ESP=0xb24283b0, EBP=0xb24283d8, ESI=0x00000000, EDI=0x00000000
EIP=0xb2416018, EFLAGS=0x00010286, CR2=0x00000000

Top of Stack: (sp=0xb24283b0)
0xb24283b0:   b241bb19 b241bb14 b241bb10 b23fcae9
0xb24283c0:   b24520a0 b244dc00 b2430d00 00000000
0xb24283d0:   b2426138 00000000 b2428408 b23fba50
0xb24283e0:   b24520a0 b245214c b2452150 00000088
0xb24283f0:   00000000 01000000 b245214c b242612c
0xb2428400:   b2426024 b242628c b2428438 b23fc64d
0xb2428410:   b2426138 00000088 b2452150 00000088
0xb2428420:   b23f9e29 0000000a b2428458 00000001 

Instructions: (pc=0xb2416018)
0xb2415ff8:   24 04 14 bb 41 b2 c7 04 24 19 bb 41 b2 e8 48 3e
0xb2416008:   fe ff 83 7d ec 00 74 1a e8 82 3c fe ff 8b 55 f4
0xb2416018:   8b 12 29 d0 ba 73 b2 e7 45 f7 e2 89 d6 c1 ee 0e
0xb2416028:   eb 05 be 00 00 00 00 8b 45 e8 8b 80 cc 00 00 00 

Register to memory mapping:

EAX=0x00048b7f is an unknown value
EBX=0xb2426138: ctimer_process+0xc in /home/user/Desktop/contiki-ng-develop/examples/6tisch/orchestra-test/build/cooja/mtype102.cooja at 0xb23e4000
ECX=0x00000000 is an unknown value
EDX=0x00000000 is an unknown value
ESP=0xb24283b0: <offset 0x443b0> in /home/user/Desktop/contiki-ng-develop/examples/6tisch/orchestra-test/build/cooja/mtype102.cooja at 0xb23e4000
EBP=0xb24283d8: <offset 0x443d8> in /home/user/Desktop/contiki-ng-develop/examples/6tisch/orchestra-test/build/cooja/mtype102.cooja at 0xb23e4000
ESI=0x00000000 is an unknown value
EDI=0x00000000 is an unknown value


Stack: [0xb2b27000,0xb2b78000],  sp=0xb24283b0,  free space=4187140k
Native frames: (J=compiled Java code, j=interpreted, Vv=VM code, C=native code)
C  [mtype102.cooja+0x32018]  handle_probing_timer+0x82
C  [mtype102.cooja+0x17a50]  process_thread_ctimer_process+0xe7
C  [mtype102.cooja+0x1864d]  call_process+0x57
C  [mtype102.cooja+0x18842]  do_event+0x112
C  [mtype102.cooja+0x1885f]  process_run+0x1b
C  [mtype102.cooja+0x153da]  platform_main_loop+0xb
C  [mtype102.cooja+0x178d4]  main+0x317
C  [mtype102.cooja+0x1543f]  process_run_thread_loop+0x1a

Java frames: (J=compiled Java code, j=interpreted, Vv=VM code)
J 2521  org.contikios.cooja.corecomm.Lib4.tick()V (0 bytes) @ 0xb4c0a710 [0xb4c0a6d0+0x40]

[error occurred during error reporting (printing Java stack), id 0xb]


---------------  P R O C E S S  ---------------

Java Threads: ( => current thread )
=>