#
# A fatal error has been detected by the Java Runtime Environment:
#
#  SIGSEGV (0xb) at pc=0xb138c098, pid=2528, tid=2997988160
#
# JRE version: OpenJDK Runtime Environment (7.0_79-b14) (build 1.7.0_79-b14)
# Java VM: OpenJDK Client VM (24.79-b02 mixed mode, sharing linux-x86 )
# Derivative: IcedTea 2.5.6
# Distribution: Ubuntu 14.04 LTS, package 7u79-2.5.6-0ubuntu1.14.04.1
# Problematic frame:
# C  [mtype144.cooja+0x13098]  doActionsBeforeTick+0x19
#
# Failed to write core dump. Core dumps have been disabled. To enable core dumping, try "ulimit -c unlimited" before starting Java again
#
# If you would like to submit a bug report, please include
# instructions on how to reproduce the bug and visit:
#   http://icedtea.classpath.org/bugzilla
# The crash happened outside the Java Virtual Machine in native code.
# See problematic frame for where to report the bug.
#

---------------  T H R E A D  ---------------

Current thread (0x08182800):  JavaThread "Thread-56" [_thread_in_native, id=5077, stack(0xb2aca000,0xb2b1b000)]

siginfo:si_signo=SIGSEGV: si_errno=0, si_code=1 (SEGV_MAPERR), si_addr=0xffffff9c

Registers:
EAX=0xffffff9c, EBX=0x8eecdc70, ECX=0xb76fa064, EDX=0xb76fa3cc
ESP=0xb2b19e00, EBP=0xb2b19e18, ESI=0x8eecdc6c, EDI=0x08182800
EIP=0xb138c098, EFLAGS=0x00010286, CR2=0xffffff9c

Top of Stack: (sp=0xb2b19e00)
0xb2b19e00:   b2b1a018 b4a27808 00000000 0000000a
0xb2b19e10:   6f74e400 0002bdd8 b2b19e38 b138c023
0xb2b19e20:   8eecdc70 8eecdc6c 08182800 b2b19e6c
0xb2b19e30:   b478dade 08182800 b2b19e6c b478dbe3
0xb2b19e40:   08182928 b2b19e7c 6efc6d40 b2b19e4c
0xb2b19e50:   8eecdc6c b2b19e7c 8eece008 00000000
0xb2b19e60:   8eecdc70 00000000 b2b19e80 b2b1a018
0xb2b19e70:   b4a3726c 00000000 b478b989 7a372ca8 

Instructions: (pc=0xb138c098)
0xb138c078:   a3 c8 d5 3d b1 5d c3 55 89 e5 83 ec 18 c7 45 f4
0xb138c088:   00 00 00 00 eb 12 8b 45 f4 8b 04 85 40 50 3b b1
0xb138c098:   8b 00 ff d0 83 45 f4 01 8b 45 f4 8b 04 85 40 50
0xb138c0a8:   3b b1 85 c0 75 e0 c9 c3 55 89 e5 83 ec 18 c7 45 

Register to memory mapping:

EAX=0xffffff9c is an unknown value
EBX=0x8eecdc70 is an oop
{method} 
 - klass: {other class}
ECX=0xb76fa064: <offset 0x1aa064> in /lib/i386-linux-gnu/libc.so.6 at 0xb7550000
EDX=0xb76fa3cc: <offset 0x1aa3cc> in /lib/i386-linux-gnu/libc.so.6 at 0xb7550000
ESP=0xb2b19e00 is pointing into the stack for thread: 0x08182800
EBP=0xb2b19e18 is pointing into the stack for thread: 0x08182800
ESI=0x8eecdc6c is pointing into object: 0x8eecdc40
{constMethod} 
 - klass: {other class}
 - constants:       0x8eecda90 constant pool [35] for 'org/contikios/cooja/corecomm/Lib15' cache=0x8eece008
EDI=0x08182800 is a thread


Stack: [0xb2aca000,0xb2b1b000],  sp=0xb2b19e00,  free space=319k
Native frames: (J=compiled Java code, j=interpreted, Vv=VM code, C=native code)
C  [mtype144.cooja+0x13098]  doActionsBeforeTick+0x19
C  [mtype144.cooja+0x13023]  Java_org_contikios_cooja_corecomm_Lib15_tick+0x15
j  org.contikios.cooja.corecomm.Lib15.tick()V+0
J 1529 C1 org.contikios.cooja.contikimote.ContikiMote.execute(J)V (99 bytes) @ 0xb4a3726c [0xb4a37100+0x16c]
J 1528 C1 org.contikios.cooja.motes.AbstractWakeupMote$1.execute(J)V (9 bytes) @ 0xb4a36e47 [0xb4a36e10+0x37]
J 2279 C1 org.contikios.cooja.Simulation.run()V (435 bytes) @ 0xb4b49681 [0xb4b49330+0x351]
j  java.lang.Thread.run()V+11
v  ~StubRoutines::call_stub
V  [libjvm.so+0x2ad116]  JavaCalls::call_helper(JavaValue*, methodHandle*, JavaCallArguments*, Thread*)+0x386

Java frames: (J=compiled Java code, j=interpreted, Vv=VM code)
j  org.contikios.cooja.corecomm.Lib15.tick()V+0
J 1529 C1 org.contikios.cooja.contikimote.ContikiMote.execute(J)V (99 bytes) @ 0xb4a3726c [0xb4a37100+0x16c]
J 1528 C1 org.contikios.cooja.motes.AbstractWakeupMote$1.execute(J)V (9 bytes) @ 0xb4a36e47 [0xb4a36e10+0x37]
J 2279 C1 org.contikios.cooja.Simulation.run()V (435 bytes) @ 0xb4b49681 [0xb4b49330+0x351]
j  java.lang.Thread.run()V+11
v  ~StubRoutines::call_stub

---------------  P R O C E S S  ---------------

Java Threads: ( => current thread )
=>0x08182800 JavaThread "Thread-56" [_thread_in_native, id=5077, stack(0xb2aca000,0xb2b1b000)]
  0x082bb400 JavaThread "Thread-55" [_thread_blocked, id=5067, stack(0xb1181000,0xb11d2000)]
  0x082bb000 JavaThread "Thread-54" [_thread_blocked, id=5066, stack(0xb1043000,0xb1094000)]
  0x08407000 JavaThread "Thread-53" [_thread_blocked, id=5019, stack(0xb10e5000,0xb1136000)]
  0x08442c00 JavaThread "Thread-52" [_thread_blocked, id=5018, stack(0xb1094000,0xb10e5000)]
  0x0840c000 JavaThread "Thread-51" [_thread_blocked, id=4980, stack(0xb14cf000,0xb1520000)]
  0x082c6c00 JavaThread "Thread-50" [_thread_blocked, id=4970, stack(0xb128c000,0xb12dd000)]
  0x082c2800 JavaThread "Thread-49" [_thread_blocked, id=4969, stack(0xb123b000,0xb128c000)]
  0x082c4800 JavaThread "Thread-48" [_thread_blocked, id=4936, stack(0xb1625000,0xb1676000)]
  0x082c3000 JavaThread "Thread-47" [_thread_blocked, id=4926, stack(0xb1433000,0xb1484000)]
  0x082c9000 JavaThread "Thread-46" [_thread_blocked, id=4925, stack(0xb13e2000,0xb1433000)]
  0x0830e000 JavaThread "Thread-45" [_thread_blocked, id=4892, stack(0xb1bce000,0xb1c1f000)]
  0x08310000 JavaThread "Thread-44" [_thread_blocked, id=4882, stack(0xb177b000,0xb17cc000)]
  0x0830ec00 JavaThread "Thread-43" [_thread_blocked, id=4881, stack(0xb1589000,0xb15da000)]
  0x081d5400 JavaThread "Thread-42" [_thread_blocked, id=4839, stack(0xb18d1000,0xb1922000)]
  0x0830b800 JavaThread "Thread-41" [_thread_blocked, id=4838, stack(0xb16df000,0xb1730000)]
  0x081d4000 JavaThread "Thread-38" [_thread_blocked, id=4780, stack(0xb1a78000,0xb1ac9000)]
  0x08341c00 JavaThread "Thread-37" [_thread_blocked, id=4779, stack(0xb1835000,0xb1886000)]
  0x08344800 JavaThread "Thread-36" [_thread_blocked, id=4732, stack(0xb19dc000,0xb1a2d000)]
  0x08343000 JavaThread "Thread-35" [_thread_blocked, id=4731, stack(0xb198b000,0xb19dc000)]
  0x0833f800 JavaThread "Thread-34" [_thread_blocked, id=4693, stack(0xb28d7000,0xb2928000)]
  0x0833f000 JavaThread "Thread-33" [_thread_blocked, id=4683, stack(0xb1d24000,0xb1d75000)]
  0x08340400 JavaThread "Thread-32" [_thread_blocked, id=4682, stack(0xb1b32000,0xb1b83000)]
  0x0833ec00 JavaThread "process reaper" daemon [_thread_blocked, id=4394, stack(0xb2928000,0xb2941000)]
  0xb3839400 JavaThread "Thread-28" [_thread_blocked, id=4380, stack(0xb1e7a000,0xb1ecb000)]
  0xb3838c00 JavaThread "Thread-27" [_thread_blocked, id=4379, stack(0xb1c88000,0xb1cd9000)]
  0xb3838000 JavaThread "Thread-26" [_thread_blocked, id=4331, stack(0xb1fd0000,0xb2021000)]
  0xb3837800 JavaThread "Thread-25" [_thread_blocked, id=4330, stack(0xb1dde000,0xb1e2f000)]
  0x083f1400 JavaThread "Thread-22" [_thread_blocked, id=4232, stack(0xb2126000,0xb2177000)]
  0x083efc00 JavaThread "Thread-21" [_thread_blocked, id=4231, stack(0xb1f34000,0xb1f85000)]
  0x0844a400 JavaThread "Thread-20" [_thread_blocked, id=4184, stack(0xb227c000,0xb22cd000)]
  0x083fa000 JavaThread "Thread-19" [_thread_blocked, id=4183, stack(0xb208a000,0xb20db000)]
  0x0834f400 JavaThread "Thread-16" [_thread_blocked, id=3878, stack(0xb23d2000,0xb2423000)]
  0x08316400 JavaThread "Thread-15" [_thread_blocked, id=3877, stack(0xb21e0000,0xb2231000)]
  0x08349000 JavaThread "Thread-14" [_thread_blocked, id=3830, stack(0xb2528000,0xb2579000)]
  0x0834a400 JavaThread "Thread-13" [_thread_blocked, id=3829, stack(0xb2336000,0xb2387000)]
  0xb3836c00 JavaThread "Thread-10" [_thread_blocked, id=3771, stack(0xb26cf000,0xb2720000)]
  0xb3836800 JavaThread "Thread-9" [_thread_blocked, id=3770, stack(0xb248c000,0xb24dd000)]
  0xb3835400 JavaThread "Thread-8" [_thread_blocked, id=3723, stack(0xb2633000,0xb2684000)]
  0xb3834c00 JavaThread "Thread-7" [_thread_blocked, id=3722, stack(0xb25e2000,0xb2633000)]
  0xb38af800 JavaThread "Thread-4" [_thread_blocked, id=3417, stack(0xb29c3000,0xb2a14000)]
  0xb38af000 JavaThread "Thread-3" [_thread_blocked, id=3416, stack(0xb2972000,0xb29c3000)]
  0xb38a7800 JavaThread "Thread-2" [_thread_blocked, id=3369, stack(0xb2886000,0xb28d7000)]
  0xb38a7000 JavaThread "Thread-1" [_thread_blocked, id=3368, stack(0xb2835000,0xb2886000)]
  0x081b0c00 JavaThread "TimerQueue" daemon [_thread_blocked, id=2545, stack(0xb2e85000,0xb2ed6000)]
  0xb6807800 JavaThread "DestroyJavaVM" [_thread_blocked, id=2531, stack(0xb690e000,0xb695f000)]
  0xb3862000 JavaThread "AWT-EventQueue-0" [_thread_in_native, id=2544, stack(0xb2ed6000,0xb2f27000)]
  0xb3879000 JavaThread "AWT-Shutdown" [_thread_blocked, id=2543, stack(0xb2f27000,0xb2f78000)]
  0xb384d000 JavaThread "AWT-XAWT" daemon [_thread_blocked, id=2542, stack(0xb301a000,0xb306b000)]
  0xb383f400 JavaThread "Java2D Disposer" daemon [_thread_blocked, id=2541, stack(0xb307c000,0xb30cd000)]
  0xb684cc00 JavaThread "Service Thread" daemon [_thread_blocked, id=2539, stack(0xb3d8c000,0xb3ddd000)]
  0xb684ac00 JavaThread "C1 CompilerThread0" daemon [_thread_blocked, id=2538, stack(0xb3ddd000,0xb3e5e000)]
  0xb6849000 JavaThread "Signal Dispatcher" daemon [_thread_blocked, id=2537, stack(0xb3e5e000,0xb3eaf000)]
  0xb6833400 JavaThread "Finalizer" daemon [_thread_blocked, id=2536, stack(0xb40af000,0xb4100000)]
  0xb6831c00 JavaThread "Reference Handler" daemon [_thread_blocked, id=2535, stack(0xb423f000,0xb4290000)]

Other Threads:
  0xb6830400 VMThread [stack: 0xb4290000,0xb4311000] [id=2534]
  0xb684f000 WatcherThread [stack: 0xb3d0b000,0xb3d8c000] [id=2540]

VM state:not at safepoint (normal execution)

VM Mutex/Monitor currently owned by a thread: None

Heap
 def new generation   total 15232K, used 9308K [0x6e800000, 0x6f880000, 0x792a0000)
  eden space 13568K,  59% used [0x6e800000, 0x6efedfa8, 0x6f540000)
  from space 1664K,  71% used [0x6f6e0000, 0x6f809418, 0x6f880000)
  to   space 1664K,   0% used [0x6f540000, 0x6f540000, 0x6f6e0000)
 tenured generation   total 33432K, used 17897K [0x792a0000, 0x7b346000, 0x8e800000)
   the space 33432K,  53% used [0x792a0000, 0x7a41a6f0, 0x7a41a800, 0x7b346000)
 compacting perm gen  total 12288K, used 6968K [0x8e800000, 0x8f400000, 0x92800000)
   the space 12288K,  56% used [0x8e800000, 0x8eece068, 0x8eece200, 0x8f400000)
    ro space 10240K,  58% used [0x92800000, 0x92de1330, 0x92de1400, 0x93200000)
    rw space 12288K,  59% used [0x93200000, 0x93916340, 0x93916400, 0x93e00000)

Card table byte_map: [0xb45d7000,0xb4703000] byte_map_base: 0xb4263000

Polling page: 0xb7706000

Code Cache  [0xb4783000, 0xb4c53000, 0xb6783000)
 total_blobs=3101 nmethods=2801 adapters=232 free_code_cache=27841Kb largest_free_block=28508800

Compilation events (10 events):
Event: 816.381 Thread 0xb684ac00 2804             java.awt.AWTEventMulticaster::getListenerCount (44 bytes)
Event: 816.381 Thread 0xb684ac00 nmethod 2804 0xb4c50848 code [0xb4c50960, 0xb4c50aa4]
Event: 816.383 Thread 0xb684ac00 2805             java.awt.AWTEventMulticaster::populateListenerArray (58 bytes)
Event: 816.383 Thread 0xb684ac00 nmethod 2805 0xb4c50b88 code [0xb4c50cc0, 0xb4c50eb0]
Event: 816.385 Thread 0xb684ac00 2806  s          javax.swing.event.EventListenerList::remove (178 bytes)
Event: 816.386 Thread 0xb684ac00 nmethod 2806 0xb4c51088 code [0xb4c51290, 0xb4c51a00]
Event: 816.520 Thread 0xb684ac00 2807   !         java.awt.Component::enableEvents (164 bytes)
Event: 816.522 Thread 0xb684ac00 nmethod 2807 0xb4c52048 code [0xb4c521b0, 0xb4c52734]
Event: 816.653 Thread 0xb684ac00 2808             javax.swing.plaf.nimbus.NimbusIcon::scale (89 bytes)
Event: 816.653 Thread 0xb684ac00 nmethod 2808 0xb4c528c8 code [0xb4c52a40, 0xb4c52c58]

GC Heap History (10 events):
Event: 815.972 GC heap before
{Heap before GC invocations=1638 (full 13):
 def new generation   total 15232K, used 13581K [0x6e800000, 0x6f880000, 0x792a0000)
  eden space 13568K, 100% used [0x6e800000, 0x6f540000, 0x6f540000)
  from space 1664K,   0% used [0x6f540000, 0x6f5434a8, 0x6f6e0000)
  to   space 1664K,   0% used [0x6f6e0000, 0x6f6e0000, 0x6f880000)
 tenured generation   total 33432K, used 17893K [0x792a0000, 0x7b346000, 0x8e800000)
   the space 33432K,  53% used [0x792a0000, 0x7a419790, 0x7a419800, 0x7b346000)
 compacting perm gen  total 12288K, used 6968K [0x8e800000, 0x8f400000, 0x92800000)
   the space 12288K,  56% used [0x8e800000, 0x8eece058, 0x8eece200, 0x8f400000)
    ro space 10240K,  58% used [0x92800000, 0x92de1330, 0x92de1400, 0x93200000)
    rw space 12288K,  59% used [0x93200000, 0x93916340, 0x93916400, 0x93e00000)
Event: 815.973 GC heap after
Heap after GC invocations=1639 (full 13):
 def new generation   total 15232K, used 13K [0x6e800000, 0x6f880000, 0x792a0000)
  eden space 13568K,   0% used [0x6e800000, 0x6e800000, 0x6f540000)
  from space 1664K,   0% used [0x6f6e0000, 0x6f6e35f0, 0x6f880000)
  to   space 1664K,   0% used [0x6f540000, 0x6f540000, 0x6f6e0000)
 tenured generation   total 33432K, used 17894K [0x792a0000, 0x7b346000, 0x8e800000)
   the space 33432K,  53% used [0x792a0000, 0x7a419990, 0x7a419a00, 0x7b346000)
 compacting perm gen  total 12288K, used 6968K [0x8e800000, 0x8f400000, 0x92800000)
   the space 12288K,  56% used [0x8e800000, 0x8eece058, 0x8eece200, 0x8f400000)
    ro space 10240K,  58% used [0x92800000, 0x92de1330, 0x92de1400, 0x93200000)
    rw space 12288K,  59% used [0x93200000, 0x93916340, 0x93916400, 0x93e00000)
}
Event: 816.047 GC heap before
{Heap before GC invocations=1639 (full 13):
 def new generation   total 15232K, used 13581K [0x6e800000, 0x6f880000, 0x792a0000)
  eden space 13568K, 100% used [0x6e800000, 0x6f540000, 0x6f540000)
  from space 1664K,   0% used [0x6f6e0000, 0x6f6e35f0, 0x6f880000)
  to   space 1664K,   0% used [0x6f540000, 0x6f540000, 0x6f6e0000)
 tenured generation   total 33432K, used 17894K [0x792a0000, 0x7b346000, 0x8e800000)
   the space 33432K,  53% used [0x792a0000, 0x7a419990, 0x7a419a00, 0x7b346000)
 compacting perm gen  total 12288K, used 6968K [0x8e800000, 0x8f400000, 0x92800000)
   the space 12288K,  56% used [0x8e800000, 0x8eece058, 0x8eece200, 0x8f400000)
    ro space 10240K,  58% used [0x92800000, 0x92de1330, 0x92de1400, 0x93200000)
    rw space 12288K,  59% used [0x93200000, 0x93916340, 0x93916400, 0x93e00000)
Event: 816.048 GC heap after
Heap after GC invocations=1640 (full 13):
 def new generation   total 15232K, used 15K [0x6e800000, 0x6f880000, 0x792a0000)
  eden space 13568K,   0% used [0x6e800000, 0x6e800000, 0x6f540000)
  from space 1664K,   0% used [0x6f540000, 0x6f543fa0, 0x6f6e0000)
  to   space 1664K,   0% used [0x6f6e0000, 0x6f6e0000, 0x6f880000)
 tenured generation   total 33432K, used 17894K [0x792a0000, 0x7b346000, 0x8e800000)
   the space 33432K,  53% used [0x792a0000, 0x7a419b90, 0x7a419c00, 0x7b346000)
 compacting perm gen  total 12288K, used 6968K [0x8e800000, 0x8f400000, 0x92800000)
   the space 12288K,  56% used [0x8e800000, 0x8eece058, 0x8eece200, 0x8f400000)
    ro space 10240K,  58% used [0x92800000, 0x92de1330, 0x92de1400, 0x93200000)
    rw space 12288K,  59% used [0x93200000, 0x93916340, 0x93916400, 0x93e00000)
}
Event: 816.128 GC heap before
{Heap before GC invocations=1640 (full 13):
 def new generation   total 15232K, used 13583K [0x6e800000, 0x6f880000, 0x792a0000)
  eden space 13568K, 100% used [0x6e800000, 0x6f540000, 0x6f540000)
  from space 1664K,   0% used [0x6f540000, 0x6f543fa0, 0x6f6e0000)
  to   space 1664K,   0% used [0x6f6e0000, 0x6f6e0000, 0x6f880000)
 tenured generation   total 33432K, used 17894K [0x792a0000, 0x7b346000, 0x8e800000)
   the space 33432K,  53% used [0x792a0000, 0x7a419b90, 0x7a419c00, 0x7b346000)
 compacting perm gen  total 12288K, used 6968K [0x8e800000, 0x8f400000, 0x92800000)
   the space 12288K,  56% used [0x8e800000, 0x8eece058, 0x8eece200, 0x8f400000)
    ro space 10240K,  58% used [0x92800000, 0x92de1330, 0x92de1400, 0x93200000)
    rw space 12288K,  59% used [0x93200000, 0x93916340, 0x93916400, 0x93e00000)
Event: 816.129 GC heap after
Heap after GC invocations=1641 (full 13):
 def new generation   total 15232K, used 17K [0x6e800000, 0x6f880000, 0x792a0000)
  eden space 13568K,   0% used [0x6e800000, 0x6e800000, 0x6f540000)
  from space 1664K,   1% used [0x6f6e0000, 0x6f6e4698, 0x6f880000)
  to   space 1664K,   0% used [0x6f540000, 0x6f540000, 0x6f6e0000)
 tenured generation   total 33432K, used 17895K [0x792a0000, 0x7b346000, 0x8e800000)
   the space 33432K,  53% used [0x792a0000, 0x7a419eb8, 0x7a41a000, 0x7b346000)
 compacting perm gen  total 12288K, used 6968K [0x8e800000, 0x8f400000, 0x92800000)
   the space 12288K,  56% used [0x8e800000, 0x8eece058, 0x8eece200, 0x8f400000)
    ro space 10240K,  58% used [0x92800000, 0x92de1330, 0x92de1400, 0x93200000)
    rw space 12288K,  59% used [0x93200000, 0x93916340, 0x93916400, 0x93e00000)
}
Event: 816.208 GC heap before
{Heap before GC invocations=1641 (full 13):
 def new generation   total 15232K, used 13585K [0x6e800000, 0x6f880000, 0x792a0000)
  eden space 13568K, 100% used [0x6e800000, 0x6f540000, 0x6f540000)
  from space 1664K,   1% used [0x6f6e0000, 0x6f6e4698, 0x6f880000)
  to   space 1664K,   0% used [0x6f540000, 0x6f540000, 0x6f6e0000)
 tenured generation   total 33432K, used 17895K [0x792a0000, 0x7b346000, 0x8e800000)
   the space 33432K,  53% used [0x792a0000, 0x7a419eb8, 0x7a41a000, 0x7b346000)
 compacting perm gen  total 12288K, used 6968K [0x8e800000, 0x8f400000, 0x92800000)
   the space 12288K,  56% used [0x8e800000, 0x8eece058, 0x8eece200, 0x8f400000)
    ro space 10240K,  58% used [0x92800000, 0x92de1330, 0x92de1400, 0x93200000)
    rw space 12288K,  59% used [0x93200000, 0x93916340, 0x93916400, 0x93e00000)
Event: 816.209 GC heap after
Heap after GC invocations=1642 (full 13):
 def new generation   total 15232K, used 22K [0x6e800000, 0x6f880000, 0x792a0000)
  eden space 13568K,   0% used [0x6e800000, 0x6e800000, 0x6f540000)
  from space 1664K,   1% used [0x6f540000, 0x6f545bb8, 0x6f6e0000)
  to   space 1664K,   0% used [0x6f6e0000, 0x6f6e0000, 0x6f880000)
 tenured generation   total 33432K, used 17896K [0x792a0000, 0x7b346000, 0x8e800000)
   the space 33432K,  53% used [0x792a0000, 0x7a41a028, 0x7a41a200, 0x7b346000)
 compacting perm gen  total 12288K, used 6968K [0x8e800000, 0x8f400000, 0x92800000)
   the space 12288K,  56% used [0x8e800000, 0x8eece058, 0x8eece200, 0x8f400000)
    ro space 10240K,  58% used [0x92800000, 0x92de1330, 0x92de1400, 0x93200000)
    rw space 12288K,  59% used [0x93200000, 0x93916340, 0x93916400, 0x93e00000)
}
Event: 816.492 GC heap before
{Heap before GC invocations=1642 (full 13):
 def new generation   total 15232K, used 13590K [0x6e800000, 0x6f880000, 0x792a0000)
  eden space 13568K, 100% used [0x6e800000, 0x6f540000, 0x6f540000)
  from space 1664K,   1% used [0x6f540000, 0x6f545bb8, 0x6f6e0000)
  to   space 1664K,   0% used [0x6f6e0000, 0x6f6e0000, 0x6f880000)
 tenured generation   total 33432K, used 17896K [0x792a0000, 0x7b346000, 0x8e800000)
   the space 33432K,  53% used [0x792a0000, 0x7a41a028, 0x7a41a200, 0x7b346000)
 compacting perm gen  total 12288K, used 6968K [0x8e800000, 0x8f400000, 0x92800000)
   the space 12288K,  56% used [0x8e800000, 0x8eece068, 0x8eece200, 0x8f400000)
    ro space 10240K,  58% used [0x92800000, 0x92de1330, 0x92de1400, 0x93200000)
    rw space 12288K,  59% used [0x93200000, 0x93916340, 0x93916400, 0x93e00000)
Event: 816.495 GC heap after
Heap after GC invocations=1643 (full 13):
 def new generation   total 15232K, used 1189K [0x6e800000, 0x6f880000, 0x792a0000)
  eden space 13568K,   0% used [0x6e800000, 0x6e800000, 0x6f540000)
  from space 1664K,  71% used [0x6f6e0000, 0x6f809418, 0x6f880000)
  to   space 1664K,   0% used [0x6f540000, 0x6f540000, 0x6f6e0000)
 tenured generation   total 33432K, used 17897K [0x792a0000, 0x7b346000, 0x8e800000)
   the space 33432K,  53% used [0x792a0000, 0x7a41a6f0, 0x7a41a800, 0x7b346000)
 compacting perm gen  total 12288K, used 6968K [0x8e800000, 0x8f400000, 0x92800000)
   the space 12288K,  56% used [0x8e800000, 0x8eece068, 0x8eece200, 0x8f400000)
    ro space 10240K,  58% used [0x92800000, 0x92de1330, 0x92de1400, 0x93200000)
    rw space 12288K,  59% used [0x93200000, 0x93916340, 0x93916400, 0x93e00000)
}

Deoptimization events (0 events):
No events

Internal exceptions (10 events):
Event: 782.369 Thread 0x08445800 Threw 0x6f34a788 at /build/openjdk-7-OXg_HK/openjdk-7-7u79-2.5.6/build/openjdk/hotspot/src/share/vm/prims/nativeLookup.cpp:381
Event: 782.369 Thread 0x08445800 Threw 0x6f34a8a0 at /build/openjdk-7-OXg_HK/openjdk-7-7u79-2.5.6/build/openjdk/hotspot/src/share/vm/runtime/reflection.cpp:1030
Event: 782.609 Thread 0xb3862000 Threw 0x6f4850b0 at /build/openjdk-7-OXg_HK/openjdk-7-7u79-2.5.6/build/openjdk/hotspot/src/share/vm/prims/jni.cpp:747
Event: 785.350 Thread 0xb3862000 Threw 0x6ec3b680 at /build/openjdk-7-OXg_HK/openjdk-7-7u79-2.5.6/build/openjdk/hotspot/src/share/vm/prims/jni.cpp:747
Event: 788.225 Thread 0x08445800 Threw 0x6ea33948 at /build/openjdk-7-OXg_HK/openjdk-7-7u79-2.5.6/build/openjdk/hotspot/src/share/vm/prims/nativeLookup.cpp:381
Event: 788.225 Thread 0x08445800 Threw 0x6ea33a60 at /build/openjdk-7-OXg_HK/openjdk-7-7u79-2.5.6/build/openjdk/hotspot/src/share/vm/runtime/reflection.cpp:1030
Event: 788.458 Thread 0xb3862000 Threw 0x6eb24258 at /build/openjdk-7-OXg_HK/openjdk-7-7u79-2.5.6/build/openjdk/hotspot/src/share/vm/prims/jni.cpp:747
Event: 790.905 Thread 0xb3862000 Threw 0x6ec3f870 at /build/openjdk-7-OXg_HK/openjdk-7-7u79-2.5.6/build/openjdk/hotspot/src/share/vm/prims/jni.cpp:747
Event: 798.834 Thread 0xb3862000 Threw 0x6ea51c00 at /build/openjdk-7-OXg_HK/openjdk-7-7u79-2.5.6/build/openjdk/hotspot/src/share/vm/prims/jni.cpp:747
Event: 814.532 Thread 0x08445800 Threw 0x6f3220c8 at /build/openjdk-7-OXg_HK/openjdk-7-7u79-2.5.6/build/openjdk/hotspot/src/share/vm/prims/jvm.cpp:1284

Events (10 events):
Event: 816.949 Thread 0x08445800 Thread exited: 0x08445800
Event: 816.951 Executing VM operation: RevokeBias
Event: 816.951 Executing VM operation: RevokeBias done
Event: 817.133 Executing VM operation: RevokeBias
Event: 817.133 Executing VM operation: RevokeBias done
Event: 829.450 Thread 0x08182800 Thread added: 0x08182800
Event: 829.461 Executing VM operation: RevokeBias
Event: 829.464 Executing VM operation: RevokeBias done
Event: 829.464 Executing VM operation: RevokeBias
Event: 829.464 Executing VM operation: RevokeBias done


Dynamic libraries:
08048000-08049000 r-xp 00000000 08:01 282989     /usr/lib/jvm/java-7-openjdk-i386/jre/bin/java
08049000-0804a000 r--p 00000000 08:01 282989     /usr/lib/jvm/java-7-openjdk-i386/jre/bin/java
0804a000-0804b000 rw-p 00001000 08:01 282989     /usr/lib/jvm/java-7-openjdk-i386/jre/bin/java
080bc000-084f5000 rw-p 00000000 00:00 0          [heap]
6e800000-6f880000 rw-p 00000000 00:00 0 
6f880000-792a0000 rw-p 00000000 00:00 0 
792a0000-7b346000 rw-p 00000000 00:00 0 
7b346000-8e800000 rw-p 00000000 00:00 0 
8e800000-8f400000 rw-p 00000000 00:00 0 
8f400000-92800000 rw-p 00000000 00:00 0 
92800000-92de2000 r--p 00001000 08:01 153627     /usr/lib/jvm/java-7-openjdk-i386/jre/lib/i386/client/classes.jsa
92de2000-93200000 rw-p 00000000 00:00 0 
93200000-93917000 rw-p 005e3000 08:01 153627     /usr/lib/jvm/java-7-openjdk-i386/jre/lib/i386/client/classes.jsa
93917000-93e00000 rw-p 00000000 00:00 0 
93e00000-94112000 rw-p 00cfa000 08:01 153627     /usr/lib/jvm/java-7-openjdk-i386/jre/lib/i386/client/classes.jsa
94112000-94200000 rw-p 00000000 00:00 0 
94200000-94209000 r-xp 0100c000 08:01 153627     /usr/lib/jvm/java-7-openjdk-i386/jre/lib/i386/client/classes.jsa
94209000-94600000 rw-p 00000000 00:00 0 
b0db9000-b0e97000 rw-p 00000000 00:00 0 
b0e97000-b0ed2000 r-xp 00000000 08:01 211318     /home/user/Desktop/contiki-ng-develop/examples/6tisch/orchestra-test/build/cooja/mtype210.cooja
b0ed2000-b0ed3000 r--p 0003a000 08:01 211318     /home/user/Desktop/contiki-ng-develop/examples/6tisch/orchestra-test/build/cooja/mtype210.cooja
b0ed3000-b0ed4000 rw-p 0003b000 08:01 211318     /home/user/Desktop/contiki-ng-develop/examples/6tisch/orchestra-test/build/cooja/mtype210.cooja
b0ed4000-b0f00000 rw-p 00000000 00:00 0 
b0f00000-b0f29000 rw-p 00000000 00:00 0 
b0f29000-b1000000 ---p 00000000 00:00 0 
b1043000-b1046000 ---p 00000000 00:00 0 
b1046000-b1094000 rw-p 00000000 00:00 0          [stack:5066]
b1094000-b1097000 ---p 00000000 00:00 0 
b1097000-b10e5000 rw-p 00000000 00:00 0          [stack:5018]
b10e5000-b10e8000 ---p 00000000 00:00 0 
b10e8000-b1136000 rw-p 00000000 00:00 0          [stack:5019]
b1181000-b1184000 ---p 00000000 00:00 0 
b1184000-b11d2000 rw-p 00000000 00:00 0          [stack:5067]
b11d2000-b120d000 r-xp 00000000 08:01 211310     /home/user/Desktop/contiki-ng-develop/examples/6tisch/orchestra-test/build/cooja/mtype654.cooja
b120d000-b120e000 r--p 0003a000 08:01 211310     /home/user/Desktop/contiki-ng-develop/examples/6tisch/orchestra-test/build/cooja/mtype654.cooja
b120e000-b120f000 rw-p 0003b000 08:01 211310     /home/user/Desktop/contiki-ng-develop/examples/6tisch/orchestra-test/build/cooja/mtype654.cooja
b120f000-b123b000 rw-p 00000000 00:00 0 
b123b000-b123e000 ---p 00000000 00:00 0 
b123e000-b128c000 rw-p 00000000 00:00 0          [stack:4969]
b128c000-b128f000 ---p 00000000 00:00 0 
b128f000-b12dd000 rw-p 00000000 00:00 0          [stack:4970]
b1328000-b132b000 ---p 00000000 00:00 0 
b132b000-b1379000 rw-p 00000000 00:00 0 
b1379000-b13b4000 r-xp 00000000 08:01 211255     /home/user/Desktop/contiki-ng-develop/examples/6tisch/orchestra-test/build/cooja/mtype144.cooja
b13b4000-b13b5000 r--p 0003a000 08:01 211255     /home/user/Desktop/contiki-ng-develop/examples/6tisch/orchestra-test/build/cooja/mtype144.cooja
b13b5000-b13b6000 rw-p 0003b000 08:01 211255     /home/user/Desktop/contiki-ng-develop/examples/6tisch/orchestra-test/build/cooja/mtype144.cooja
b13b6000-b13e2000 rw-p 00000000 00:00 0 
b13e2000-b13e5000 ---p 00000000 00:00 0 
b13e5000-b1433000 rw-p 00000000 00:00 0          [stack:4925]
b1433000-b1436000 ---p 00000000 00:00 0 
b1436000-b1484000 rw-p 00000000 00:00 0          [stack:4926]
b14cf000-b14d2000 ---p 00000000 00:00 0 
b14d2000-b1520000 rw-p 00000000 00:00 0          [stack:4980]
b1520000-b155b000 r-xp 00000000 08:01 211285     /home/user/Desktop/contiki-ng-develop/examples/6tisch/orchestra-test/build/cooja/mtype93.cooja
b155b000-b155c000 r--p 0003a000 08:01 211285     /home/user/Desktop/contiki-ng-develop/examples/6tisch/orchestra-test/build/cooja/mtype93.cooja
b155c000-b155d000 rw-p 0003b000 08:01 211285     /home/user/Desktop/contiki-ng-develop/examples/6tisch/orchestra-test/build/cooja/mtype93.cooja
b155d000-b1589000 rw-p 00000000 00:00 0 
b1589000-b158c000 ---p 00000000 00:00 0 
b158c000-b15da000 rw-p 00000000 00:00 0          [stack:4881]
b1625000-b1628000 ---p 00000000 00:00 0 
b1628000-b1676000 rw-p 00000000 00:00 0          [stack:4936]
b1676000-b16b1000 r-xp 00000000 08:01 211294     /home/user/Desktop/contiki-ng-develop/examples/6tisch/orchestra-test/build/cooja/mtype708.cooja
b16b1000-b16b2000 r--p 0003a000 08:01 211294     /home/user/Desktop/contiki-ng-develop/examples/6tisch/orchestra-test/build/cooja/mtype708.cooja
b16b2000-b16b3000 rw-p 0003b000 08:01 211294     /home/user/Desktop/contiki-ng-develop/examples/6tisch/orchestra-test/build/cooja/mtype708.cooja
b16b3000-b16df000 rw-p 00000000 00:00 0 
b16df000-b16e2000 ---p 00000000 00:00 0 
b16e2000-b1730000 rw-p 00000000 00:00 0          [stack:4838]
b177b000-b177e000 ---p 00000000 00:00 0 
b177e000-b17cc000 rw-p 00000000 00:00 0          [stack:4882]
b17cc000-b1807000 r-xp 00000000 08:01 211298     /home/user/Desktop/contiki-ng-develop/examples/6tisch/orchestra-test/build/cooja/mtype56.cooja
b1807000-b1808000 r--p 0003a000 08:01 211298     /home/user/Desktop/contiki-ng-develop/examples/6tisch/orchestra-test/build/cooja/mtype56.cooja
b1808000-b1809000 rw-p 0003b000 08:01 211298     /home/user/Desktop/contiki-ng-develop/examples/6tisch/orchestra-test/build/cooja/mtype56.cooja
b1809000-b1835000 rw-p 00000000 00:00 0 
b1835000-b1838000 ---p 00000000 00:00 0 
b1838000-b1886000 rw-p 00000000 00:00 0          [stack:4779]
b18d1000-b18d4000 ---p 00000000 00:00 0 
b18d4000-b1922000 rw-p 00000000 00:00 0          [stack:4839]
b1922000-b195d000 r-xp 00000000 08:01 211290     /home/user/Desktop/contiki-ng-develop/examples/6tisch/orchestra-test/build/cooja/mtype992.cooja
b195d000-b195e000 r--p 0003a000 08:01 211290     /home/user/Desktop/contiki-ng-develop/examples/6tisch/orchestra-test/build/cooja/mtype992.cooja
b195e000-b195f000 rw-p 0003b000 08:01 211290     /home/user/Desktop/contiki-ng-develop/examples/6tisch/orchestra-test/build/cooja/mtype992.cooja
b195f000-b198b000 rw-p 00000000 00:00 0 
b198b000-b198e000 ---p 00000000 00:00 0 
b198e000-b19dc000 rw-p 00000000 00:00 0          [stack:4731]
b19dc000-b19df000 ---p 00000000 00:00 0 
b19df000-b1a2d000 rw-p 00000000 00:00 0          [stack:4732]
b1a78000-b1a7b000 ---p 00000000 00:00 0 
b1a7b000-b1ac9000 rw-p 00000000 00:00 0          [stack:4780]
b1ac9000-b1b04000 r-xp 00000000 08:01 211280     /home/user/Desktop/contiki-ng-develop/examples/6tisch/orchestra-test/build/cooja/mtype121.cooja
b1b04000-b1b05000 r--p 0003a000 08:01 211280     /home/user/Desktop/contiki-ng-develop/examples/6tisch/orchestra-test/build/cooja/mtype121.cooja
b1b05000-b1b06000 rw-p 0003b000 08:01 211280     /home/user/Desktop/contiki-ng-develop/examples/6tisch/orchestra-test/build/cooja/mtype121.cooja
b1b06000-b1b32000 rw-p 00000000 00:00 0 
b1b32000-b1b35000 ---p 00000000 00:00 0 
b1b35000-b1b83000 rw-p 00000000 00:00 0          [stack:4682]
b1bce000-b1bd1000 ---p 00000000 00:00 0 
b1bd1000-b1c1f000 rw-p 00000000 00:00 0          [stack:4892]
b1c1f000-b1c5a000 r-xp 00000000 08:01 211266     /home/user/Desktop/contiki-ng-develop/examples/6tisch/orchestra-test/build/cooja/mtype384.cooja
b1c5a000-b1c5b000 r--p 0003a000 08:01 211266     /home/user/Desktop/contiki-ng-develop/examples/6tisch/orchestra-test/build/cooja/mtype384.cooja
b1c5b000-b1c5c000 rw-p 0003b000 08:01 211266     /home/user/Desktop/contiki-ng-develop/examples/6tisch/orchestra-test/build/cooja/mtype384.cooja
b1c5c000-b1c88000 rw-p 00000000 00:00 0 
b1c88000-b1c8b000 ---p 00000000 00:00 0 
b1c8b000-b1cd9000 rw-p 00000000 00:00 0          [stack:4379]
b1d24000-b1d27000 ---p 00000000 00:00 0 
b1d27000-b1d75000 rw-p 00000000 00:00 0          [stack:4683]
b1d75000-b1db0000 r-xp 00000000 08:01 211270     /home/user/Desktop/contiki-ng-develop/examples/6tisch/orchestra-test/build/cooja/mtype186.cooja
b1db0000-b1db1000 r--p 0003a000 08:01 211270     /home/user/Desktop/contiki-ng-develop/examples/6tisch/orchestra-test/build/cooja/mtype186.cooja
b1db1000-b1db2000 rw-p 0003b000 08:01 211270     /home/user/Desktop/contiki-ng-develop/examples/6tisch/orchestra-test/build/cooja/mtype186.cooja
b1db2000-b1dde000 rw-p 00000000 00:00 0 
b1dde000-b1de1000 ---p 00000000 00:00 0 
b1de1000-b1e2f000 rw-p 00000000 00:00 0          [stack:4330]
b1e7a000-b1e7d000 ---p 00000000 00:00 0 
b1e7d000-b1ecb000 rw-p 00000000 00:00 0          [stack:4380]
b1ecb000-b1f06000 r-xp 00000000 08:01 211260     /home/user/Desktop/contiki-ng-develop/examples/6tisch/orchestra-test/build/cooja/mtype21.cooja
b1f06000-b1f07000 r--p 0003a000 08:01 211260     /home/user/Desktop/contiki-ng-develop/examples/6tisch/orchestra-test/build/cooja/mtype21.cooja
b1f07000-b1f08000 rw-p 0003b000 08:01 211260     /home/user/Desktop/contiki-ng-develop/examples/6tisch/orchestra-test/build/cooja/mtype21.cooja
b1f08000-b1f34000 rw-p 00000000 00:00 0 
b1f34000-b1f37000 ---p 00000000 00:00 0 
b1f37000-b1f85000 rw-p 00000000 00:00 0          [stack:4231]
b1fd0000-b1fd3000 ---p 00000000 00:00 0 
b1fd3000-b2021000 rw-p 00000000 00:00 0          [stack:4331]
b2021000-b205c000 r-xp 00000000 08:01 211250     /home/user/Desktop/contiki-ng-develop/examples/6tisch/orchestra-test/build/cooja/mtype842.cooja
b205c000-b205d000 r--p 0003a000 08:01 211250     /home/user/Desktop/contiki-ng-develop/examples/6tisch/orchestra-test/build/cooja/mtype842.cooja
b205d000-b205e000 rw-p 0003b000 08:01 211250     /home/user/Desktop/contiki-ng-develop/examples/6tisch/orchestra-test/build/cooja/mtype842.cooja
b205e000-b208a000 rw-p 00000000 00:00 0 
b208a000-b208d000 ---p 00000000 00:00 0 
b208d000-b20db000 rw-p 00000000 00:00 0          [stack:4183]
b2126000-b2129000 ---p 00000000 00:00 0 
b2129000-b2177000 rw-p 00000000 00:00 0          [stack:4232]
b2177000-b21b2000 r-xp 00000000 08:01 211239     /home/user/Desktop/contiki-ng-develop/examples/6tisch/orchestra-test/build/cooja/mtype367.cooja
b21b2000-b21b3000 r--p 0003a000 08:01 211239     /home/user/Desktop/contiki-ng-develop/examples/6tisch/orchestra-test/build/cooja/mtype367.cooja
b21b3000-b21b4000 rw-p 0003b000 08:01 211239     /home/user/Desktop/contiki-ng-develop/examples/6tisch/orchestra-test/build/cooja/mtype367.cooja
b21b4000-b21e0000 rw-p 00000000 00:00 0 
b21e0000-b21e3000 ---p 00000000 00:00 0 
b21e3000-b2231000 rw-p 00000000 00:00 0          [stack:3877]
b227c000-b227f000 ---p 00000000 00:00 0 
b227f000-b22cd000 rw-p 00000000 00:00 0          [stack:4184]
b22cd000-b2308000 r-xp 00000000 08:01 211230     /home/user/Desktop/contiki-ng-develop/examples/6tisch/orchestra-test/build/cooja/mtype693.cooja
b2308000-b2309000 r--p 0003a000 08:01 211230     /home/user/Desktop/contiki-ng-develop/examples/6tisch/orchestra-test/build/cooja/mtype693.cooja
b2309000-b230a000 rw-p 0003b000 08:01 211230     /home/user/Desktop/contiki-ng-develop/examples/6tisch/orchestra-test/build/cooja/mtype693.cooja
b230a000-b2336000 rw-p 00000000 00:00 0 
b2336000-b2339000 ---p 00000000 00:00 0 
b2339000-b2387000 rw-p 00000000 00:00 0          [stack:3829]
b23d2000-b23d5000 ---p 00000000 00:00 0 
b23d5000-b2423000 rw-p 00000000 00:00 0          [stack:3878]
b2423000-b245e000 r-xp 00000000 08:01 211222     /home/user/Desktop/contiki-ng-develop/examples/6tisch/orchestra-test/build/cooja/mtype652.cooja
b245e000-b245f000 r--p 0003a000 08:01 211222     /home/user/Desktop/contiki-ng-develop/examples/6tisch/orchestra-test/build/cooja/mtype652.cooja
b245f000-b2460000 rw-p 0003b000 08:01 211222     /home/user/Desktop/contiki-ng-develop/examples/6tisch/orchestra-test/build/cooja/mtype652.cooja
b2460000-b248c000 rw-p 00000000 00:00 0 
b248c000-b248f000 ---p 00000000 00:00 0 
b248f000-b24dd000 rw-p 00000000 00:00 0          [stack:3770]
b2528000-b252b000 ---p 00000000 00:00 0 
b252b000-b2579000 rw-p 00000000 00:00 0          [stack:3830]
b2579000-b25b4000 r-xp 00000000 08:01 211212     /home/user/Desktop/contiki-ng-develop/examples/6tisch/orchestra-test/build/cooja/mtype299.cooja
b25b4000-b25b5000 r--p 0003a000 08:01 211212     /home/user/Desktop/contiki-ng-develop/examples/6tisch/orchestra-test/build/cooja/mtype299.cooja
b25b5000-b25b6000 rw-p 0003b000 08:01 211212     /home/user/Desktop/contiki-ng-develop/examples/6tisch/orchestra-test/build/cooja/mtype299.cooja
b25b6000-b25e2000 rw-p 00000000 00:00 0 
b25e2000-b25e5000 ---p 00000000 00:00 0 
b25e5000-b2633000 rw-p 00000000 00:00 0          [stack:3722]
b2633000-b2636000 ---p 00000000 00:00 0 
b2636000-b2684000 rw-p 00000000 00:00 0          [stack:3723]
b26cf000-b26d2000 ---p 00000000 00:00 0 
b26d2000-b2720000 rw-p 00000000 00:00 0          [stack:3771]
b2720000-b275b000 r-xp 00000000 08:01 211202     /home/user/Desktop/contiki-ng-develop/examples/6tisch/orchestra-test/build/cooja/mtype847.cooja
b275b000-b275c000 r--p 0003a000 08:01 211202     /home/user/Desktop/contiki-ng-develop/examples/6tisch/orchestra-test/build/cooja/mtype847.cooja
b275c000-b275d000 rw-p 0003b000 08:01 211202     /home/user/Desktop/contiki-ng-develop/examples/6tisch/orchestra-test/build/cooja/mtype847.cooja
b275d000-b2789000 rw-p 00000000 00:00 0 
b27cc000-b2807000 r-xp 00000000 08:01 211186     /home/user/Desktop/contiki-ng-develop/examples/6tisch/orchestra-test/build/cooja/mtype166.cooja
b2807000-b2808000 r--p 0003a000 08:01 211186     /home/user/Desktop/contiki-ng-develop/examples/6tisch/orchestra-test/build/cooja/mtype166.cooja
b2808000-b2809000 rw-p 0003b000 08:01 211186     /home/user/Desktop/contiki-ng-develop/examples/6tisch/orchestra-test/build/cooja/mtype166.cooja
b2809000-b2835000 rw-p 00000000 00:00 0 
b2835000-b2838000 ---p 00000000 00:00 0 
b2838000-b2886000 rw-p 00000000 00:00 0          [stack:3368]
b2886000-b2889000 ---p 00000000 00:00 0 
b2889000-b28d7000 rw-p 00000000 00:00 0          [stack:3369]
b28d7000-b28da000 ---p 00000000 00:00 0 
b28da000-b2928000 rw-p 00000000 00:00 0          [stack:4693]
b2928000-b292b000 ---p 00000000 00:00 0 
b292b000-b2941000 rw-p 00000000 00:00 0          [stack:4394]
b2972000-b2975000 ---p 00000000 00:00 0 
b2975000-b29c3000 rw-p 00000000 00:00 0          [stack:3416]
b29c3000-b29c6000 ---p 00000000 00:00 0 
b29c6000-b2a14000 rw-p 00000000 00:00 0          [stack:3417]
b2a14000-b2a4f000 r-xp 00000000 08:01 211102     /home/user/Desktop/contiki-ng-develop/examples/6tisch/orchestra-test/build/cooja/mtype320.cooja
b2a4f000-b2a50000 r--p 0003a000 08:01 211102     /home/user/Desktop/contiki-ng-develop/examples/6tisch/orchestra-test/build/cooja/mtype320.cooja
b2a50000-b2a51000 rw-p 0003b000 08:01 211102     /home/user/Desktop/contiki-ng-develop/examples/6tisch/orchestra-test/build/cooja/mtype320.cooja
b2a51000-b2a7d000 rw-p 00000000 00:00 0 
b2aa9000-b2ab7000 rw-s 00000000 00:04 15990805   /SYSV00000000 (deleted)
b2abc000-b2ac6000 rw-s 00000000 00:04 21757978   /SYSV00000000 (deleted)
b2aca000-b2acd000 ---p 00000000 00:00 0 
b2acd000-b2b1b000 rw-p 00000000 00:00 0          [stack:5077]
b2b1f000-b2b20000 rw-p 00000000 00:00 0 
b2b20000-b2e30000 rw-s 00000000 00:04 1605643    /SYSV00000000 (deleted)
b2e30000-b2e31000 r--s 00003000 08:01 155265     /home/user/Desktop/contiki-ng-develop/tools/cooja/apps/powertracker/powertracker.jar
b2e31000-b2e33000 r--s 00008000 08:01 157413     /home/user/Desktop/contiki-ng-develop/tools/cooja/apps/serial_socket/serial-socket.jar
b2e33000-b2e6d000 r--s 001e1000 08:01 157492     /home/user/Desktop/contiki-ng-develop/tools/cooja/apps/avrora/lib/avrora-small.jar
b2e6d000-b2e6e000 r--s 00008000 08:01 168111     /home/user/Desktop/contiki-ng-develop/tools/cooja/apps/avrora/cooja-avrora.jar
b2e6e000-b2e70000 r--s 00010000 08:01 167876     /home/user/Desktop/contiki-ng-develop/tools/cooja/apps/mspsim/lib/jipv6.jar
b2e70000-b2e71000 r--s 00004000 08:01 167892     /home/user/Desktop/contiki-ng-develop/tools/cooja/apps/mspsim/lib/coffee.jar
b2e71000-b2e7d000 r--s 000eb000 08:01 167875     /home/user/Desktop/contiki-ng-develop/tools/cooja/apps/mspsim/lib/mspsim.jar
b2e7d000-b2e83000 r--s 00064000 08:01 168089     /home/user/Desktop/contiki-ng-develop/tools/cooja/apps/mspsim/lib/cooja-mspsim.jar
b2e83000-b2e85000 r--s 0001e000 08:01 162306     /home/user/Desktop/contiki-ng-develop/tools/cooja/apps/mrm/mrm.jar
b2e85000-b2e88000 ---p 00000000 00:00 0 
b2e88000-b2ed6000 rw-p 00000000 00:00 0          [stack:2545]
b2ed6000-b2ed9000 ---p 00000000 00:00 0 
b2ed9000-b2f27000 rw-p 00000000 00:00 0          [stack:2544]
b2f27000-b2f2a000 ---p 00000000 00:00 0 
b2f2a000-b2f78000 rw-p 00000000 00:00 0          [stack:2543]
b2f78000-b2f79000 r--s 00000000 08:01 395215     /var/cache/fontconfig/c05880de57d1f5e948fdfacc138775d9-le32d4.cache-4
b2f79000-b2f81000 r--s 00000000 08:01 395167     /var/cache/fontconfig/945677eb7aeaf62f1d50efc3fb3ec7d8-le32d4.cache-4
b2f81000-b2f83000 r--s 00000000 08:01 395164     /var/cache/fontconfig/99e8ed0e538f840c565b6ed5dad60d56-le32d4.cache-4
b2f83000-b2f87000 r--s 00000000 08:01 395159     /var/cache/fontconfig/2cd17615ca594fa2959ae173292e504c-le32d4.cache-4
b2f87000-b2f88000 r--s 00000000 08:01 395064     /var/cache/fontconfig/e7071f4a29fa870f4323321c154eba04-le32d4.cache-4
b2f88000-b2f89000 r--s 00000000 08:01 394991     /var/cache/fontconfig/0d8c3b2ac0904cb8a57a757ad11a4a08-le32d4.cache-4
b2f89000-b2f8e000 r--s 00000000 08:01 394968     /var/cache/fontconfig/a755afe4a08bf5b97852ceb7400b47bc-le32d4.cache-4
b2f8e000-b2f97000 r--s 00000000 08:01 394962     /var/cache/fontconfig/6d41288fd70b0be22e8c3a91e032eec0-le32d4.cache-4
b2f97000-b2fa6000 r--s 00000000 08:01 394955     /var/cache/fontconfig/04aabc0a78ac019cf9454389977116d2-le32d4.cache-4
b2fa6000-b2fa7000 r--s 00000000 08:01 394954     /var/cache/fontconfig/1ac9eb803944fde146138c791f5cc56a-le32d4.cache-4
b2fa7000-b2faa000 r--s 00000000 08:01 394928     /var/cache/fontconfig/385c0604a188198f04d133e54aba7fe7-le32d4.cache-4
b2faa000-b2fab000 r--s 00000000 08:01 394926     /var/cache/fontconfig/dc05db6664285cc2f12bf69c139ae4c3-le32d4.cache-4
b2fab000-b2fad000 r--s 00000000 08:01 394921     /var/cache/fontconfig/767a8244fc0220cfb567a839d0392e0b-le32d4.cache-4
b2fad000-b2fae000 r--s 00000000 08:01 394913     /var/cache/fontconfig/4794a0821666d79190d59a36cb4f44b5-le32d4.cache-4
b2fae000-b2fb2000 r--s 00000000 08:01 394858     /var/cache/fontconfig/8801497958630a81b71ace7c5f9b32a8-le32d4.cache-4
b2fb2000-b2fb7000 r--s 00000000 08:01 394798     /var/cache/fontconfig/3047814df9a2f067bd2d96a2b9c36e5a-le32d4.cache-4
b2fb7000-b2fc7000 r--s 00000000 08:01 394737     /var/cache/fontconfig/d52a8644073d54c13679302ca1180695-le32d4.cache-4
b2fc7000-b3017000 r-xp 00000000 08:01 138960     /usr/lib/jvm/java-7-openjdk-i386/jre/lib/i386/libfontmanager.so
b3017000-b3019000 r--p 0004f000 08:01 138960     /usr/lib/jvm/java-7-openjdk-i386/jre/lib/i386/libfontmanager.so
b3019000-b301a000 rw-p 00051000 08:01 138960     /usr/lib/jvm/java-7-openjdk-i386/jre/lib/i386/libfontmanager.so
b301a000-b301d000 ---p 00000000 00:00 0 
b301d000-b306b000 rw-p 00000000 00:00 0          [stack:2542]
b306b000-b306f000 r-xp 00000000 08:01 7640       /usr/lib/i386-linux-gnu/libXfixes.so.3.1.0
b306f000-b3070000 r--p 00003000 08:01 7640       /usr/lib/i386-linux-gnu/libXfixes.so.3.1.0
b3070000-b3071000 rw-p 00004000 08:01 7640       /usr/lib/i386-linux-gnu/libXfixes.so.3.1.0
b3071000-b307a000 r-xp 00000000 08:01 9790       /usr/lib/i386-linux-gnu/libXcursor.so.1.0.2
b307a000-b307b000 r--p 00008000 08:01 9790       /usr/lib/i386-linux-gnu/libXcursor.so.1.0.2
b307b000-b307c000 rw-p 00009000 08:01 9790       /usr/lib/i386-linux-gnu/libXcursor.so.1.0.2
b307c000-b307f000 ---p 00000000 00:00 0 
b307f000-b30cd000 rw-p 00000000 00:00 0          [stack:2541]
b30cd000-b30d0000 r-xp 00000000 08:01 131371     /lib/i386-linux-gnu/libgpg-error.so.0.10.0
b30d0000-b30d1000 r--p 00002000 08:01 131371     /lib/i386-linux-gnu/libgpg-error.so.0.10.0
b30d1000-b30d2000 rw-p 00003000 08:01 131371     /lib/i386-linux-gnu/libgpg-error.so.0.10.0
b30d2000-b30d4000 r-xp 00000000 08:01 132278     /lib/i386-linux-gnu/libkeyutils.so.1.4
b30d4000-b30d5000 r--p 00002000 08:01 132278     /lib/i386-linux-gnu/libkeyutils.so.1.4
b30d5000-b30d6000 rw-p 00003000 08:01 132278     /lib/i386-linux-gnu/libkeyutils.so.1.4
b30d6000-b30fc000 r-xp 00000000 08:01 158418     /lib/i386-linux-gnu/libpng12.so.0.50.0
b30fc000-b30fd000 r--p 00025000 08:01 158418     /lib/i386-linux-gnu/libpng12.so.0.50.0
b30fd000-b30fe000 rw-p 00026000 08:01 158418     /lib/i386-linux-gnu/libpng12.so.0.50.0
b30fe000-b3147000 r-xp 00000000 08:01 131443     /lib/i386-linux-gnu/libdbus-1.so.3.7.6
b3147000-b3148000 r--p 00048000 08:01 131443     /lib/i386-linux-gnu/libdbus-1.so.3.7.6
b3148000-b3149000 rw-p 00049000 08:01 131443     /lib/i386-linux-gnu/libdbus-1.so.3.7.6
b3149000-b3180000 r-xp 00000000 08:01 712        /usr/lib/i386-linux-gnu/libp11-kit.so.0.0.0
b3180000-b3181000 ---p 00037000 08:01 712        /usr/lib/i386-linux-gnu/libp11-kit.so.0.0.0
b3181000-b3184000 r--p 00037000 08:01 712        /usr/lib/i386-linux-gnu/libp11-kit.so.0.0.0
b3184000-b3185000 rw-p 0003a000 08:01 712        /usr/lib/i386-linux-gnu/libp11-kit.so.0.0.0
b3185000-b3197000 r-xp 00000000 08:01 38286      /usr/lib/i386-linux-gnu/libtasn1.so.6.2.0
b3197000-b3198000 r--p 00011000 08:01 38286      /usr/lib/i386-linux-gnu/libtasn1.so.6.2.0
b3198000-b3199000 rw-p 00012000 08:01 38286      /usr/lib/i386-linux-gnu/libtasn1.so.6.2.0
b3199000-b321b000 r-xp 00000000 08:01 131206     /lib/i386-linux-gnu/libgcrypt.so.11.8.2
b321b000-b321c000 r--p 00082000 08:01 131206     /lib/i386-linux-gnu/libgcrypt.so.11.8.2
b321c000-b321e000 rw-p 00083000 08:01 131206     /lib/i386-linux-gnu/libgcrypt.so.11.8.2
b321e000-b321f000 rw-p 00000000 00:00 0 
b321f000-b3229000 r-xp 00000000 08:01 56557      /usr/lib/i386-linux-gnu/libkrb5support.so.0.1
b3229000-b322a000 r--p 00009000 08:01 56557      /usr/lib/i386-linux-gnu/libkrb5support.so.0.1
b322a000-b322b000 rw-p 0000a000 08:01 56557      /usr/lib/i386-linux-gnu/libkrb5support.so.0.1
b322b000-b322e000 r-xp 00000000 08:01 138844     /lib/i386-linux-gnu/libcom_err.so.2.1
b322e000-b322f000 r--p 00002000 08:01 138844     /lib/i386-linux-gnu/libcom_err.so.2.1
b322f000-b3230000 rw-p 00003000 08:01 138844     /lib/i386-linux-gnu/libcom_err.so.2.1
b3230000-b325e000 r-xp 00000000 08:01 56585      /usr/lib/i386-linux-gnu/libk5crypto.so.3.1
b325e000-b325f000 r--p 0002d000 08:01 56585      /usr/lib/i386-linux-gnu/libk5crypto.so.3.1
b325f000-b3260000 rw-p 0002e000 08:01 56585      /usr/lib/i386-linux-gnu/libk5crypto.so.3.1
b3260000-b3317000 r-xp 00000000 08:01 56629      /usr/lib/i386-linux-gnu/libkrb5.so.3.3
b3317000-b331d000 r--p 000b7000 08:01 56629      /usr/lib/i386-linux-gnu/libkrb5.so.3.3
b331d000-b331e000 rw-p 000bd000 08:01 56629      /usr/lib/i386-linux-gnu/libkrb5.so.3.3
b331e000-b3323000 r-xp 00000000 08:01 5406       /usr/lib/i386-linux-gnu/libXdmcp.so.6.0.0
b3323000-b3324000 r--p 00004000 08:01 5406       /usr/lib/i386-linux-gnu/libXdmcp.so.6.0.0
b3324000-b3325000 rw-p 00005000 08:01 5406       /usr/lib/i386-linux-gnu/libXdmcp.so.6.0.0
b3325000-b3327000 r-xp 00000000 08:01 5352       /usr/lib/i386-linux-gnu/libXau.so.6.0.0
b3327000-b3328000 r--p 00001000 08:01 5352       /usr/lib/i386-linux-gnu/libXau.so.6.0.0
b3328000-b3329000 rw-p 00002000 08:01 5352       /usr/lib/i386-linux-gnu/libXau.so.6.0.0
b3329000-b334e000 r-xp 00000000 08:01 131422     /lib/i386-linux-gnu/libexpat.so.1.6.0
b334e000-b334f000 ---p 00025000 08:01 131422     /lib/i386-linux-gnu/libexpat.so.1.6.0
b334f000-b3351000 r--p 00025000 08:01 131422     /lib/i386-linux-gnu/libexpat.so.1.6.0
b3351000-b3352000 rw-p 00027000 08:01 131422     /lib/i386-linux-gnu/libexpat.so.1.6.0
b3352000-b33ed000 r-xp 00000000 08:01 5308       /usr/lib/i386-linux-gnu/libfreetype.so.6.11.1
b33ed000-b33f1000 r--p 0009a000 08:01 5308       /usr/lib/i386-linux-gnu/libfreetype.so.6.11.1
b33f1000-b33f2000 rw-p 0009e000 08:01 5308       /usr/lib/i386-linux-gnu/libfreetype.so.6.11.1
b33f2000-b3402000 r-xp 00000000 08:01 10788      /usr/lib/i386-linux-gnu/libavahi-client.so.3.2.9
b3402000-b3403000 r--p 0000f000 08:01 10788      /usr/lib/i386-linux-gnu/libavahi-client.so.3.2.9
b3403000-b3404000 rw-p 00010000 08:01 10788      /usr/lib/i386-linux-gnu/libavahi-client.so.3.2.9
b3404000-b3410000 r-xp 00000000 08:01 8766       /usr/lib/i386-linux-gnu/libavahi-common.so.3.5.3
b3410000-b3411000 r--p 0000b000 08:01 8766       /usr/lib/i386-linux-gnu/libavahi-common.so.3.5.3
b3411000-b3412000 rw-p 0000c000 08:01 8766       /usr/lib/i386-linux-gnu/libavahi-common.so.3.5.3
b3412000-b34d3000 r-xp 00000000 08:01 43756      /usr/lib/i386-linux-gnu/libgnutls.so.26.22.6
b34d3000-b34d7000 r--p 000c0000 08:01 43756      /usr/lib/i386-linux-gnu/libgnutls.so.26.22.6
b34d7000-b34d8000 rw-p 000c4000 08:01 43756      /usr/lib/i386-linux-gnu/libgnutls.so.26.22.6
b34d8000-b351b000 r-xp 00000000 08:01 56613      /usr/lib/i386-linux-gnu/libgssapi_krb5.so.2.2
b351b000-b351c000 r--p 00042000 08:01 56613      /usr/lib/i386-linux-gnu/libgssapi_krb5.so.2.2
b351c000-b351d000 rw-p 00043000 08:01 56613      /usr/lib/i386-linux-gnu/libgssapi_krb5.so.2.2
b351d000-b353d000 r-xp 00000000 08:01 66655      /usr/lib/i386-linux-gnu/libxcb.so.1.1.0
b353d000-b353e000 r--p 0001f000 08:01 66655      /usr/lib/i386-linux-gnu/libxcb.so.1.1.0
b353e000-b353f000 rw-p 00020000 08:01 66655      /usr/lib/i386-linux-gnu/libxcb.so.1.1.0
b353f000-b3578000 r-xp 00000000 08:01 10898      /usr/lib/i386-linux-gnu/libfontconfig.so.1.8.0
b3578000-b3579000 r--p 00039000 08:01 10898      /usr/lib/i386-linux-gnu/libfontconfig.so.1.8.0
b3579000-b357a000 rw-p 0003a000 08:01 10898      /usr/lib/i386-linux-gnu/libfontconfig.so.1.8.0
b357a000-b35e1000 r-xp 00000000 08:01 6693       /usr/lib/i386-linux-gnu/libcups.so.2
b35e1000-b35e2000 ---p 00067000 08:01 6693       /usr/lib/i386-linux-gnu/libcups.so.2
b35e2000-b35e6000 r--p 00067000 08:01 6693       /usr/lib/i386-linux-gnu/libcups.so.2
b35e6000-b35e7000 rw-p 0006b000 08:01 6693       /usr/lib/i386-linux-gnu/libcups.so.2
b35e7000-b35f5000 r-xp 00000000 08:01 7577       /usr/lib/i386-linux-gnu/libXi.so.6.1.0
b35f5000-b35f6000 r--p 0000e000 08:01 7577       /usr/lib/i386-linux-gnu/libXi.so.6.1.0
b35f6000-b35f7000 rw-p 0000f000 08:01 7577       /usr/lib/i386-linux-gnu/libXi.so.6.1.0
b35f7000-b35fc000 r-xp 00000000 08:01 10292      /usr/lib/i386-linux-gnu/libXtst.so.6.1.0
b35fc000-b35fd000 r--p 00004000 08:01 10292      /usr/lib/i386-linux-gnu/libXtst.so.6.1.0
b35fd000-b35fe000 rw-p 00005000 08:01 10292      /usr/lib/i386-linux-gnu/libXtst.so.6.1.0
b35fe000-b372e000 r-xp 00000000 08:01 10842      /usr/lib/i386-linux-gnu/libX11.so.6.3.0
b372e000-b372f000 r--p 00130000 08:01 10842      /usr/lib/i386-linux-gnu/libX11.so.6.3.0
b372f000-b3731000 rw-p 00131000 08:01 10842      /usr/lib/i386-linux-gnu/libX11.so.6.3.0
b3731000-b3732000 rw-p 00000000 00:00 0 
b3732000-b3743000 r-xp 00000000 08:01 6183       /usr/lib/i386-linux-gnu/libXext.so.6.4.0
b3743000-b3744000 r--p 00010000 08:01 6183       /usr/lib/i386-linux-gnu/libXext.so.6.4.0
b3744000-b3745000 rw-p 00011000 08:01 6183       /usr/lib/i386-linux-gnu/libXext.so.6.4.0
b3745000-b37d4000 r-xp 00000000 08:01 138964     /usr/lib/jvm/java-7-openjdk-i386/jre/lib/i386/libawt.so
b37d4000-b37d5000 r--p 0008f000 08:01 138964     /usr/lib/jvm/java-7-openjdk-i386/jre/lib/i386/libawt.so
b37d5000-b37dc000 rw-p 00090000 08:01 138964     /usr/lib/jvm/java-7-openjdk-i386/jre/lib/i386/libawt.so
b37dc000-b3800000 rw-p 00000000 00:00 0 
b3800000-b38e9000 rw-p 00000000 00:00 0 
b38e9000-b3900000 ---p 00000000 00:00 0 
b3900000-b3901000 r--s 00000000 08:01 394797     /var/cache/fontconfig/56cf4f4769d0f4abc89a4895d7bd3ae1-le32d4.cache-4
b3901000-b390a000 r-xp 00000000 08:01 6199       /usr/lib/i386-linux-gnu/libXrender.so.1.3.0
b390a000-b390b000 r--p 00008000 08:01 6199       /usr/lib/i386-linux-gnu/libXrender.so.1.3.0
b390b000-b390c000 rw-p 00009000 08:01 6199       /usr/lib/i386-linux-gnu/libXrender.so.1.3.0
b390c000-b3954000 r-xp 00000000 08:01 136828     /usr/lib/jvm/java-7-openjdk-i386/jre/lib/i386/xawt/libmawt.so
b3954000-b3955000 r--p 00047000 08:01 136828     /usr/lib/jvm/java-7-openjdk-i386/jre/lib/i386/xawt/libmawt.so
b3955000-b3957000 rw-p 00048000 08:01 136828     /usr/lib/jvm/java-7-openjdk-i386/jre/lib/i386/xawt/libmawt.so
b3957000-b3958000 rw-p 00000000 00:00 0 
b3958000-b3994000 r-xp 00000000 08:01 136082     /lib/i386-linux-gnu/libpcre.so.3.13.1
b3994000-b3995000 r--p 0003b000 08:01 136082     /lib/i386-linux-gnu/libpcre.so.3.13.1
b3995000-b3996000 rw-p 0003c000 08:01 136082     /lib/i386-linux-gnu/libpcre.so.3.13.1
b3996000-b399b000 r-xp 00000000 08:01 1818       /usr/lib/i386-linux-gnu/libffi.so.6.0.1
b399b000-b399c000 r--p 00005000 08:01 1818       /usr/lib/i386-linux-gnu/libffi.so.6.0.1
b399c000-b399d000 rw-p 00006000 08:01 1818       /usr/lib/i386-linux-gnu/libffi.so.6.0.1
b399d000-b39b0000 r-xp 00000000 08:01 159740     /lib/i386-linux-gnu/libresolv-2.19.so
b39b0000-b39b1000 ---p 00013000 08:01 159740     /lib/i386-linux-gnu/libresolv-2.19.so
b39b1000-b39b2000 r--p 00013000 08:01 159740     /lib/i386-linux-gnu/libresolv-2.19.so
b39b2000-b39b3000 rw-p 00014000 08:01 159740     /lib/i386-linux-gnu/libresolv-2.19.so
b39b3000-b39b5000 rw-p 00000000 00:00 0 
b39b5000-b39d5000 r-xp 00000000 08:01 131406     /lib/i386-linux-gnu/libselinux.so.1
b39d5000-b39d6000 r--p 0001f000 08:01 131406     /lib/i386-linux-gnu/libselinux.so.1
b39d6000-b39d7000 rw-p 00020000 08:01 131406     /lib/i386-linux-gnu/libselinux.so.1
b39d7000-b39d8000 rw-p 00000000 00:00 0 
b39d8000-b39db000 r-xp 00000000 08:01 1675       /usr/lib/i386-linux-gnu/libgmodule-2.0.so.0.4002.0
b39db000-b39dc000 r--p 00002000 08:01 1675       /usr/lib/i386-linux-gnu/libgmodule-2.0.so.0.4002.0
b39dc000-b39dd000 rw-p 00003000 08:01 1675       /usr/lib/i386-linux-gnu/libgmodule-2.0.so.0.4002.0
b39dd000-b3ae7000 r-xp 00000000 08:01 136564     /lib/i386-linux-gnu/libglib-2.0.so.0.4002.0
b3ae7000-b3ae8000 r--p 00109000 08:01 136564     /lib/i386-linux-gnu/libglib-2.0.so.0.4002.0
b3ae8000-b3ae9000 rw-p 0010a000 08:01 136564     /lib/i386-linux-gnu/libglib-2.0.so.0.4002.0
b3ae9000-b3b39000 r-xp 00000000 08:01 1672       /usr/lib/i386-linux-gnu/libgobject-2.0.so.0.4002.0
b3b39000-b3b3a000 r--p 0004f000 08:01 1672       /usr/lib/i386-linux-gnu/libgobject-2.0.so.0.4002.0
b3b3a000-b3b3b000 rw-p 00050000 08:01 1672       /usr/lib/i386-linux-gnu/libgobject-2.0.so.0.4002.0
b3b3b000-b3cb8000 r-xp 00000000 08:01 1674       /usr/lib/i386-linux-gnu/libgio-2.0.so.0.4002.0
b3cb8000-b3cba000 r--p 0017d000 08:01 1674       /usr/lib/i386-linux-gnu/libgio-2.0.so.0.4002.0
b3cba000-b3cbb000 rw-p 0017f000 08:01 1674       /usr/lib/i386-linux-gnu/libgio-2.0.so.0.4002.0
b3cbb000-b3cbc000 rw-p 00000000 00:00 0 
b3cbc000-b3cbd000 r--s 00000000 08:01 394796     /var/cache/fontconfig/b9d506c9ac06c20b433354fa67a72993-le32d4.cache-4
b3cbd000-b3cc1000 r--s 00000000 08:01 394795     /var/cache/fontconfig/b47c4e1ecd0709278f4910c18777a504-le32d4.cache-4
b3cc1000-b3cc8000 r--s 00000000 08:01 394735     /var/cache/fontconfig/3f7329c5293ffd510edef78f73874cfd-le32d4.cache-4
b3cc8000-b3cd1000 r--s 00000000 08:01 394733     /var/cache/fontconfig/d589a48862398ed80a3d6066f4f56f4c-le32d4.cache-4
b3cd1000-b3cd2000 r--s 00000000 08:01 394716     /var/cache/fontconfig/0c9eb80ebd1c36541ebe2852d3bb0c49-le32d4.cache-4
b3cd2000-b3cd5000 r--s 00000000 08:01 394715     /var/cache/fontconfig/7ef2298fde41cc6eeb7af42e48b7d293-le32d4.cache-4
b3cd5000-b3cec000 r-xp 00000000 08:01 138987     /usr/lib/jvm/java-7-openjdk-i386/jre/lib/i386/libnet.so
b3cec000-b3ced000 r--p 00017000 08:01 138987     /usr/lib/jvm/java-7-openjdk-i386/jre/lib/i386/libnet.so
b3ced000-b3cee000 rw-p 00018000 08:01 138987     /usr/lib/jvm/java-7-openjdk-i386/jre/lib/i386/libnet.so
b3cee000-b3cff000 r-xp 00000000 08:01 138994     /usr/lib/jvm/java-7-openjdk-i386/jre/lib/i386/libnio.so
b3cff000-b3d00000 r--p 00010000 08:01 138994     /usr/lib/jvm/java-7-openjdk-i386/jre/lib/i386/libnio.so
b3d00000-b3d01000 rw-p 00011000 08:01 138994     /usr/lib/jvm/java-7-openjdk-i386/jre/lib/i386/libnio.so
b3d01000-b3d0b000 r--s 000ae000 08:01 136954     /usr/lib/jvm/java-7-openjdk-i386/jre/lib/resources.jar
b3d0b000-b3d0c000 ---p 00000000 00:00 0 
b3d0c000-b3d8c000 rw-p 00000000 00:00 0          [stack:2540]
b3d8c000-b3d8f000 ---p 00000000 00:00 0 
b3d8f000-b3ddd000 rw-p 00000000 00:00 0          [stack:2539]
b3ddd000-b3de0000 ---p 00000000 00:00 0 
b3de0000-b3e5e000 rw-p 00000000 00:00 0          [stack:2538]
b3e5e000-b3e61000 ---p 00000000 00:00 0 
b3e61000-b3eaf000 rw-p 00000000 00:00 0          [stack:2537]
b3eaf000-b40af000 r--p 00000000 08:01 369        /usr/lib/locale/locale-archive
b40af000-b40b2000 ---p 00000000 00:00 0 
b40b2000-b4100000 rw-p 00000000 00:00 0          [stack:2536]
b4100000-b4200000 rw-p 00000000 00:00 0 
b4200000-b4202000 r--s 00000000 08:01 393797     /var/cache/fontconfig/e13b20fdb08344e0e664864cc2ede53d-le32d4.cache-4
b4202000-b421f000 r--s 0014f000 08:01 158329     /home/user/Desktop/contiki-ng-develop/tools/cooja/lib/swingx-all-1.6.4.jar
b421f000-b4226000 r--s 0005b000 08:01 158327     /home/user/Desktop/contiki-ng-develop/tools/cooja/lib/jsyntaxpane.jar
b4226000-b422d000 r--s 0004f000 08:01 158328     /home/user/Desktop/contiki-ng-develop/tools/cooja/lib/log4j.jar
b422d000-b4230000 r--s 00022000 08:01 158326     /home/user/Desktop/contiki-ng-develop/tools/cooja/lib/jdom.jar
b4230000-b4234000 r--s 00085000 08:01 144112     /usr/lib/jvm/java-7-openjdk-i386/jre/lib/ext/localedata.jar
b4234000-b4238000 r--s 00034000 08:01 144116     /usr/lib/jvm/java-7-openjdk-i386/jre/lib/ext/sunjce_provider.jar
b4238000-b423b000 r--s 0000f000 08:01 144120     /usr/lib/jvm/java-7-openjdk-i386/jre/lib/ext/icedtea-sound.jar
b423b000-b423f000 r--s 0003c000 08:01 144118     /usr/lib/jvm/java-7-openjdk-i386/jre/lib/ext/sunpkcs11.jar
b423f000-b4242000 ---p 00000000 00:00 0 
b4242000-b4290000 rw-p 00000000 00:00 0          [stack:2535]
b4290000-b4291000 ---p 00000000 00:00 0 
b4291000-b435a000 rw-p 00000000 00:00 0          [stack:2534]
b435a000-b450b000 r--s 01d29000 08:01 136944     /usr/lib/jvm/java-7-openjdk-i386/jre/lib/rt.jar
b450b000-b4512000 rw-p 00000000 00:00 0 
b4512000-b452c000 rw-p 00000000 00:00 0 
b452c000-b453d000 rw-p 00000000 00:00 0 
b453d000-b45d7000 rw-p 00000000 00:00 0 
b45d7000-b45e0000 rw-p 00000000 00:00 0 
b45e0000-b462c000 rw-p 00000000 00:00 0 
b462c000-b463d000 rw-p 00000000 00:00 0 
b463d000-b46d7000 rw-p 00000000 00:00 0 
b46d7000-b46dd000 rw-p 00000000 00:00 0 
b46dd000-b46f7000 rw-p 00000000 00:00 0 
b46f7000-b4717000 rw-p 00000000 00:00 0 
b4717000-b4783000 rw-p 00000000 00:00 0 
b4783000-b4c53000 rwxp 00000000 00:00 0 
b4c53000-b6783000 rw-p 00000000 00:00 0 
b6783000-b678e000 r-xp 00000000 08:01 159744     /lib/i386-linux-gnu/libnss_files-2.19.so
b678e000-b678f000 r--p 0000a000 08:01 159744     /lib/i386-linux-gnu/libnss_files-2.19.so
b678f000-b6790000 rw-p 0000b000 08:01 159744     /lib/i386-linux-gnu/libnss_files-2.19.so
b6790000-b679a000 r-xp 00000000 08:01 159715     /lib/i386-linux-gnu/libnss_nis-2.19.so
b679a000-b679b000 r--p 00009000 08:01 159715     /lib/i386-linux-gnu/libnss_nis-2.19.so
b679b000-b679c000 rw-p 0000a000 08:01 159715     /lib/i386-linux-gnu/libnss_nis-2.19.so
b679c000-b67b1000 r-xp 00000000 08:01 159717     /lib/i386-linux-gnu/libnsl-2.19.so
b67b1000-b67b2000 r--p 00015000 08:01 159717     /lib/i386-linux-gnu/libnsl-2.19.so
b67b2000-b67b3000 rw-p 00016000 08:01 159717     /lib/i386-linux-gnu/libnsl-2.19.so
b67b3000-b67b5000 rw-p 00000000 00:00 0 
b67b5000-b67bc000 r-xp 00000000 08:01 159727     /lib/i386-linux-gnu/libnss_compat-2.19.so
b67bc000-b67bd000 r--p 00006000 08:01 159727     /lib/i386-linux-gnu/libnss_compat-2.19.so
b67bd000-b67be000 rw-p 00007000 08:01 159727     /lib/i386-linux-gnu/libnss_compat-2.19.so
b67be000-b67c5000 rw-p 00000000 00:00 0 
b67c5000-b67cd000 r-xp 00000000 08:01 138893     /usr/lib/jvm/java-7-openjdk-i386/jre/lib/i386/libzip.so
b67cd000-b67ce000 r--p 00007000 08:01 138893     /usr/lib/jvm/java-7-openjdk-i386/jre/lib/i386/libzip.so
b67ce000-b67cf000 rw-p 00008000 08:01 138893     /usr/lib/jvm/java-7-openjdk-i386/jre/lib/i386/libzip.so
b67cf000-b67d7000 rw-s 00000000 08:01 168141     /tmp/hsperfdata_user/2528
b67d7000-b67fe000 r-xp 00000000 08:01 144073     /usr/lib/jvm/java-7-openjdk-i386/jre/lib/i386/libjava.so
b67fe000-b67ff000 r--p 00026000 08:01 144073     /usr/lib/jvm/java-7-openjdk-i386/jre/lib/i386/libjava.so
b67ff000-b6800000 rw-p 00027000 08:01 144073     /usr/lib/jvm/java-7-openjdk-i386/jre/lib/i386/libjava.so
b6800000-b68fd000 rw-p 00000000 00:00 0 
b68fd000-b6900000 ---p 00000000 00:00 0 
b6900000-b6901000 r--s 00002000 08:01 144114     /usr/lib/jvm/java-7-openjdk-i386/jre/lib/ext/dnsns.jar
b6901000-b6903000 r--s 00006000 08:01 276693     /usr/share/java/java-atk-wrapper.jar
b6903000-b6905000 r--s 00012000 08:01 144121     /usr/lib/jvm/java-7-openjdk-i386/jre/lib/ext/zipfs.jar
b6905000-b690c000 r-xp 00000000 08:01 159746     /lib/i386-linux-gnu/librt-2.19.so
b690c000-b690d000 r--p 00006000 08:01 159746     /lib/i386-linux-gnu/librt-2.19.so
b690d000-b690e000 rw-p 00007000 08:01 159746     /lib/i386-linux-gnu/librt-2.19.so
b690e000-b6911000 ---p 00000000 00:00 0 
b6911000-b695f000 rw-p 00000000 00:00 0          [stack:2531]
b695f000-b697b000 r-xp 00000000 08:01 131377     /lib/i386-linux-gnu/libgcc_s.so.1
b697b000-b697c000 rw-p 0001b000 08:01 131377     /lib/i386-linux-gnu/libgcc_s.so.1
b697c000-b69c0000 r-xp 00000000 08:01 159725     /lib/i386-linux-gnu/libm-2.19.so
b69c0000-b69c1000 r--p 00043000 08:01 159725     /lib/i386-linux-gnu/libm-2.19.so
b69c1000-b69c2000 rw-p 00044000 08:01 159725     /lib/i386-linux-gnu/libm-2.19.so
b69c2000-b6a9e000 r-xp 00000000 08:01 540        /usr/lib/i386-linux-gnu/libstdc++.so.6.0.19
b6a9e000-b6aa2000 r--p 000dc000 08:01 540        /usr/lib/i386-linux-gnu/libstdc++.so.6.0.19
b6aa2000-b6aa3000 rw-p 000e0000 08:01 540        /usr/lib/i386-linux-gnu/libstdc++.so.6.0.19
b6aa3000-b6aaa000 rw-p 00000000 00:00 0 
b6aaa000-b70d5000 r-xp 00000000 08:01 144071     /usr/lib/jvm/java-7-openjdk-i386/jre/lib/i386/client/libjvm.so
b70d5000-b70eb000 r--p 0062a000 08:01 144071     /usr/lib/jvm/java-7-openjdk-i386/jre/lib/i386/client/libjvm.so
b70eb000-b70fa000 rw-p 00640000 08:01 144071     /usr/lib/jvm/java-7-openjdk-i386/jre/lib/i386/client/libjvm.so
b70fa000-b7515000 rw-p 00000000 00:00 0 
b7515000-b752d000 r-xp 00000000 08:01 158556     /lib/i386-linux-gnu/libz.so.1.2.8
b752d000-b752e000 r--p 00017000 08:01 158556     /lib/i386-linux-gnu/libz.so.1.2.8
b752e000-b752f000 rw-p 00018000 08:01 158556     /lib/i386-linux-gnu/libz.so.1.2.8
b752f000-b7547000 r-xp 00000000 08:01 159736     /lib/i386-linux-gnu/libpthread-2.19.so
b7547000-b7548000 r--p 00018000 08:01 159736     /lib/i386-linux-gnu/libpthread-2.19.so
b7548000-b7549000 rw-p 00019000 08:01 159736     /lib/i386-linux-gnu/libpthread-2.19.so
b7549000-b754b000 rw-p 00000000 00:00 0 
b754b000-b754e000 r-xp 00000000 08:01 159003     /lib/i386-linux-gnu/libdl-2.19.so
b754e000-b754f000 r--p 00002000 08:01 159003     /lib/i386-linux-gnu/libdl-2.19.so
b754f000-b7550000 rw-p 00003000 08:01 159003     /lib/i386-linux-gnu/libdl-2.19.so
b7550000-b76f8000 r-xp 00000000 08:01 159001     /lib/i386-linux-gnu/libc-2.19.so
b76f8000-b76fa000 r--p 001a8000 08:01 159001     /lib/i386-linux-gnu/libc-2.19.so
b76fa000-b76fb000 rw-p 001aa000 08:01 159001     /lib/i386-linux-gnu/libc-2.19.so
b76fb000-b76fe000 rw-p 00000000 00:00 0 
b76fe000-b76ff000 r--p 002c5000 08:01 369        /usr/lib/locale/locale-archive
b76ff000-b7706000 rw-p 00000000 00:00 0 
b7706000-b7707000 r--p 00000000 00:00 0 
b7707000-b7715000 r-xp 00000000 08:01 138970     /usr/lib/jvm/java-7-openjdk-i386/jre/lib/i386/libverify.so
b7715000-b7716000 r--p 0000d000 08:01 138970     /usr/lib/jvm/java-7-openjdk-i386/jre/lib/i386/libverify.so
b7716000-b7717000 rw-p 0000e000 08:01 138970     /usr/lib/jvm/java-7-openjdk-i386/jre/lib/i386/libverify.so
b7717000-b7723000 r-xp 00000000 08:01 138927     /usr/lib/jvm/java-7-openjdk-i386/jre/lib/i386/jli/libjli.so
b7723000-b7724000 r--p 0000c000 08:01 138927     /usr/lib/jvm/java-7-openjdk-i386/jre/lib/i386/jli/libjli.so
b7724000-b7725000 rw-p 0000d000 08:01 138927     /usr/lib/jvm/java-7-openjdk-i386/jre/lib/i386/jli/libjli.so
b7725000-b7728000 rw-p 00000000 00:00 0 
b7728000-b7729000 r-xp 00000000 00:00 0          [vdso]
b7729000-b7749000 r-xp 00000000 08:01 159713     /lib/i386-linux-gnu/ld-2.19.so
b7749000-b774a000 r--p 0001f000 08:01 159713     /lib/i386-linux-gnu/ld-2.19.so
b774a000-b774b000 rw-p 00020000 08:01 159713     /lib/i386-linux-gnu/ld-2.19.so
bfb55000-bfb56000 rwxp 00000000 00:00 0 
bfb88000-bfba9000 rw-p 00000000 00:00 0          [stack]

VM Arguments:
jvm_args: -Xmx512m -Duser.language=en 
java_command: org.contikios.cooja.Cooja
Launcher Type: SUN_STANDARD

Environment Variables:
JAVA_HOME=/usr/lib/jvm/java-7-openjdk-i386
PATH=/usr/local/sdcc/bin:/usr/local/sbin:/usr/local/bin:/usr/sbin:/usr/bin:/sbin:/bin:/usr/games:/usr/local/games:/home/user/CodeSourcery/Sourcery_G++_Lite/bin:/usr/local/msp430/bin:/home/user/CodeSourcery/Sourcery_G++_Lite/bin
LD_LIBRARY_PATH=.
SHELL=/bin/bash
DISPLAY=:0.0

Signal Handlers:
SIGSEGV: [libjvm.so+0x4e6b10], sa_mask[0]=0x7ffbfeff, sa_flags=0x10000004
SIGBUS: [libjvm.so+0x4e6b10], sa_mask[0]=0x7ffbfeff, sa_flags=0x10000004
SIGFPE: [libjvm.so+0x3c5790], sa_mask[0]=0x7ffbfeff, sa_flags=0x10000004
SIGPIPE: [libjvm.so+0x3c5790], sa_mask[0]=0x7ffbfeff, sa_flags=0x10000004
SIGXFSZ: [libjvm.so+0x3c5790], sa_mask[0]=0x7ffbfeff, sa_flags=0x10000004
SIGILL: [libjvm.so+0x3c5790], sa_mask[0]=0x7ffbfeff, sa_flags=0x10000004
SIGUSR1: SIG_DFL, sa_mask[0]=0x00000000, sa_flags=0x00000000
SIGUSR2: [libjvm.so+0x3c5620], sa_mask[0]=0x00000004, sa_flags=0x10000004
SIGHUP: [libjvm.so+0x3c5850], sa_mask[0]=0x7ffbfeff, sa_flags=0x10000004
SIGINT: [libjvm.so+0x3c5850], sa_mask[0]=0x7ffbfeff, sa_flags=0x10000004
SIGTERM: [libjvm.so+0x3c5850], sa_mask[0]=0x7ffbfeff, sa_flags=0x10000004
SIGQUIT: [libjvm.so+0x3c5850], sa_mask[0]=0x7ffbfeff, sa_flags=0x10000004
SIGTRAP: SIG_DFL, sa_mask[0]=0x00000000, sa_flags=0x00000000


---------------  S Y S T E M  ---------------

OS:Ubuntu 14.04 (trusty)
uname:Linux 3.13.0-62-generic #102-Ubuntu SMP Tue Aug 11 14:28:35 UTC 2015 i686
libc:glibc 2.19 NPTL 2.19 
rlimit: STACK 8192k, CORE 0k, NPROC 7864, NOFILE 4096, AS infinity
load average:0.60 0.59 0.48

/proc/meminfo:
MemTotal:        1025932 kB
MemFree:          117572 kB
Buffers:           57980 kB
Cached:           403800 kB
SwapCached:            0 kB
Active:           582504 kB
Inactive:         281000 kB
Active(anon):     395852 kB
Inactive(anon):    23208 kB
Active(file):     186652 kB
Inactive(file):   257792 kB
Unevictable:          32 kB
Mlocked:              32 kB
HighTotal:        135112 kB
HighFree:          19440 kB
LowTotal:         890820 kB
LowFree:           98132 kB
SwapTotal:       1046524 kB
SwapFree:        1046524 kB
Dirty:              1660 kB
Writeback:             0 kB
AnonPages:        401772 kB
Mapped:           101060 kB
Shmem:             17320 kB
Slab:              28900 kB
SReclaimable:      17916 kB
SUnreclaim:        10984 kB
KernelStack:        3120 kB
PageTables:         6572 kB
NFS_Unstable:          0 kB
Bounce:                0 kB
WritebackTmp:          0 kB
CommitLimit:     1559488 kB
Committed_AS:    2514296 kB
VmallocTotal:     122880 kB
VmallocUsed:        3244 kB
VmallocChunk:     109968 kB
HardwareCorrupted:     0 kB
AnonHugePages:    208896 kB
HugePages_Total:       0
HugePages_Free:        0
HugePages_Rsvd:        0
HugePages_Surp:        0
Hugepagesize:       2048 kB
DirectMap4k:       14328 kB
DirectMap2M:      899072 kB


CPU:total 1 (1 cores per cpu, 1 threads per core) family 6 model 61 stepping 4, cmov, cx8, fxsr, mmx, sse, sse2, sse3, ssse3, sse4.1, sse4.2, popcnt, avx, avx2, aes, tsc, tscinvbit

/proc/cpuinfo:
processor	: 0
vendor_id	: GenuineIntel
cpu family	: 6
model		: 61
model name	: Intel(R) Core(TM) i3-5010U CPU @ 2.10GHz
stepping	: 4
cpu MHz		: 2095.152
cache size	: 3072 KB
physical id	: 0
siblings	: 1
core id		: 0
cpu cores	: 1
apicid		: 0
initial apicid	: 0
fdiv_bug	: no
f00f_bug	: no
coma_bug	: no
fpu		: yes
fpu_exception	: yes
cpuid level	: 20
wp		: yes
flags		: fpu vme de pse tsc msr pae mce cx8 apic sep mtrr pge mca cmov pat pse36 clflush mmx fxsr sse sse2 nx rdtscp constant_tsc xtopology nonstop_tsc pni pclmulqdq monitor ssse3 cx16 pcid sse4_1 sse4_2 x2apic movbe popcnt aes xsave avx rdrand hypervisor lahf_lm abm 3dnowprefetch fsgsbase avx2 invpcid rdseed
bogomips	: 4190.30
clflush size	: 64
cache_alignment	: 64
address sizes	: 39 bits physical, 48 bits virtual
power management:



Memory: 4k page, physical 1025932k(117572k free), swap 1046524k(1046524k free)

vm_info: OpenJDK Client VM (24.79-b02) for linux-x86 JRE (1.7.0_79-b14), built on Jul 24 2015 08:28:59 by "buildd" with gcc 4.8.2

time: Fri Feb  1 12:47:12 2019
elapsed time: 829 seconds

