#
# A fatal error has been detected by the Java Runtime Environment:
#
#  SIGSEGV (0xb) at pc=0xb2149368, pid=5833, tid=2998065984
#
# JRE version: OpenJDK Runtime Environment (7.0_79-b14) (build 1.7.0_79-b14)
# Java VM: OpenJDK Client VM (24.79-b02 mixed mode, sharing linux-x86 )
# Derivative: IcedTea 2.5.6
# Distribution: Ubuntu 14.04 LTS, package 7u79-2.5.6-0ubuntu1.14.04.1
# Problematic frame:
# C  [mtype615.cooja+0x15368]  doActionsBeforeTick+0x19
#
# Failed to write core dump. Core dumps have been disabled. To enable core dumping, try "ulimit -c unlimited" before starting Java again
#
# If you would like to submit a bug report, please include
# instructions on how to reproduce the bug and visit:
#   http://icedtea.classpath.org/bugzilla
# The crash happened outside the Java Virtual Machine in native code.
# See problematic frame for where to report the bug.
#

---------------  T H R E A D  ---------------

Current thread (0x09a50400):  JavaThread "Thread-27" [_thread_in_native, id=6310, stack(0xb2add000,0xb2b2e000)]

siginfo:si_signo=SIGSEGV: si_errno=0, si_code=1 (SEGV_MAPERR), si_addr=0xffffff9c

Registers:
EAX=0xffffff9c, EBX=0x8eec3330, ECX=0xb7767064, EDX=0xb77673cc
ESP=0xb2b2cdf0, EBP=0xb2b2ce08, ESI=0x8eec332c, EDI=0x09a50400
EIP=0xb2149368, EFLAGS=0x00010286, CR2=0xffffff9c

Top of Stack: (sp=0xb2b2cdf0)
0xb2b2cdf0:   b2b2d018 b4a95588 00000000 0000000a
0xb2b2ce00:   79fb6700 0002bdd8 b2b2ce28 b21492f3
0xb2b2ce10:   8eec3330 8eec332c 09a50400 b2b2ce5c
0xb2b2ce20:   b47fdade 09a50400 b2b2ce5c b47fdbe3
0xb2b2ce30:   09a50528 b2b2ce6c 6edb6b20 b2b2ce3c
0xb2b2ce40:   8eec332c b2b2ce6c 8eec36c8 00000000
0xb2b2ce50:   8eec3330 00000000 b2b2ce70 b2b2d018
0xb2b2ce60:   b4aa412c 00000000 b47fb989 79e07220 

Instructions: (pc=0xb2149368)
0xb2149348:   a3 c8 e5 19 b2 5d c3 55 89 e5 83 ec 18 c7 45 f4
0xb2149358:   00 00 00 00 eb 12 8b 45 f4 8b 04 85 40 60 17 b2
0xb2149368:   8b 00 ff d0 83 45 f4 01 8b 45 f4 8b 04 85 40 60
0xb2149378:   17 b2 85 c0 75 e0 c9 c3 55 89 e5 83 ec 18 c7 45 

Register to memory mapping:

EAX=0xffffff9c is an unknown value
EBX=0x8eec3330 is an oop
{method} 
 - klass: {other class}
ECX=0xb7767064: <offset 0x1aa064> in /lib/i386-linux-gnu/libc.so.6 at 0xb75bd000
EDX=0xb77673cc: <offset 0x1aa3cc> in /lib/i386-linux-gnu/libc.so.6 at 0xb75bd000
ESP=0xb2b2cdf0 is pointing into the stack for thread: 0x09a50400
EBP=0xb2b2ce08 is pointing into the stack for thread: 0x09a50400
ESI=0x8eec332c is pointing into object: 0x8eec3300
{constMethod} 
 - klass: {other class}
 - constants:       0x8eec3150 constant pool [35] for 'org/contikios/cooja/corecomm/Lib6' cache=0x8eec36c8
EDI=0x09a50400 is a thread


Stack: [0xb2add000,0xb2b2e000],  sp=0xb2b2cdf0,  free space=319k
Native frames: (J=compiled Java code, j=interpreted, Vv=VM code, C=native code)
C  [mtype615.cooja+0x15368]  doActionsBeforeTick+0x19
C  [mtype615.cooja+0x152f3]  Java_org_contikios_cooja_corecomm_Lib6_tick+0x15
j  org.contikios.cooja.corecomm.Lib6.tick()V+0
J 1508 C1 org.contikios.cooja.contikimote.ContikiMote.execute(J)V (99 bytes) @ 0xb4aa412c [0xb4aa3fc0+0x16c]
J 1507 C1 org.contikios.cooja.motes.AbstractWakeupMote$1.execute(J)V (9 bytes) @ 0xb4aa3d07 [0xb4aa3cd0+0x37]
J 2490 C1 org.contikios.cooja.Simulation.run()V (435 bytes) @ 0xb4c2553b [0xb4c251e0+0x35b]
j  java.lang.Thread.run()V+11
v  ~StubRoutines::call_stub
V  [libjvm.so+0x2ad116]  JavaCalls::call_helper(JavaValue*, methodHandle*, JavaCallArguments*, Thread*)+0x386

Java frames: (J=compiled Java code, j=interpreted, Vv=VM code)
j  org.contikios.cooja.corecomm.Lib6.tick()V+0
J 1508 C1 org.contikios.cooja.contikimote.ContikiMote.execute(J)V (99 bytes) @ 0xb4aa412c [0xb4aa3fc0+0x16c]
J 1507 C1 org.contikios.cooja.motes.AbstractWakeupMote$1.execute(J)V (9 bytes) @ 0xb4aa3d07 [0xb4aa3cd0+0x37]
J 2490 C1 org.contikios.cooja.Simulation.run()V (435 bytes) @ 0xb4c2553b [0xb4c251e0+0x35b]
j  java.lang.Thread.run()V+11
v  ~StubRoutines::call_stub

---------------  P R O C E S S  ---------------

Java Threads: ( => current thread )
=>0x09a50400 JavaThread "Thread-27" [_thread_in_native, id=6310, stack(0xb2add000,0xb2b2e000)]
  0x09bfe400 JavaThread "Thread-26" [_thread_blocked, id=6300, stack(0xb1f3c000,0xb1f8d000)]
  0x09be0800 JavaThread "Thread-25" [_thread_blocked, id=6299, stack(0xb1cff000,0xb1d50000)]
  0x09a48c00 JavaThread "Thread-24" [_thread_blocked, id=6257, stack(0xb1ea6000,0xb1ef7000)]
  0x09be5400 JavaThread "Thread-23" [_thread_blocked, id=6256, stack(0xb1e55000,0xb1ea6000)]
  0x09a4a800 JavaThread "Thread-22" [_thread_blocked, id=6218, stack(0xb2239000,0xb228a000)]
  0x09a4bc00 JavaThread "Thread-21" [_thread_blocked, id=6208, stack(0xb204d000,0xb209e000)]
  0x09bdec00 JavaThread "Thread-20" [_thread_blocked, id=6207, stack(0xb1ffc000,0xb204d000)]
  0x09a45400 JavaThread "Thread-19" [_thread_blocked, id=6174, stack(0xb29da000,0xb2a2b000)]
  0x09a47c00 JavaThread "Thread-18" [_thread_blocked, id=6164, stack(0xb238f000,0xb23e0000)]
  0x09a46400 JavaThread "Thread-17" [_thread_blocked, id=6163, stack(0xb21a3000,0xb21f4000)]
  0x09bac800 JavaThread "Thread-13" [_thread_blocked, id=6109, stack(0xb24e5000,0xb2536000)]
  0x09ba9c00 JavaThread "Thread-12" [_thread_blocked, id=6108, stack(0xb22f9000,0xb234a000)]
  0x09b68400 JavaThread "Thread-11" [_thread_blocked, id=6061, stack(0xb263b000,0xb268c000)]
  0x09b65c00 JavaThread "Thread-10" [_thread_blocked, id=6060, stack(0xb244f000,0xb24a0000)]
  0x09b65800 JavaThread "process reaper" daemon [_thread_blocked, id=6015, stack(0xb2b67000,0xb2b80000)]
  0xb3838400 JavaThread "Thread-7" [_thread_blocked, id=5991, stack(0xb27e2000,0xb2833000)]
  0xb3838000 JavaThread "Thread-6" [_thread_blocked, id=5990, stack(0xb25a5000,0xb25f6000)]
  0xb38ab000 JavaThread "Thread-5" [_thread_blocked, id=5943, stack(0xb274c000,0xb279d000)]
  0xb38aac00 JavaThread "Thread-4" [_thread_blocked, id=5942, stack(0xb26fb000,0xb274c000)]
  0x09ccdc00 JavaThread "Thread-3" [_thread_blocked, id=5904, stack(0xb2944000,0xb2995000)]
  0xb38a6400 JavaThread "Thread-2" [_thread_blocked, id=5894, stack(0xb28f3000,0xb2944000)]
  0xb38a6000 JavaThread "Thread-1" [_thread_blocked, id=5893, stack(0xb28a2000,0xb28f3000)]
  0x09a20c00 JavaThread "TimerQueue" daemon [_thread_blocked, id=5850, stack(0xb2ef2000,0xb2f43000)]
  0xb6807800 JavaThread "DestroyJavaVM" [_thread_blocked, id=5836, stack(0xb697b000,0xb69cc000)]
  0xb3879000 JavaThread "AWT-EventQueue-0" [_thread_in_vm, id=5849, stack(0xb2f43000,0xb2f94000)]
  0xb3862000 JavaThread "AWT-Shutdown" [_thread_blocked, id=5848, stack(0xb2f94000,0xb2fe5000)]
  0xb384d000 JavaThread "AWT-XAWT" daemon [_thread_blocked, id=5847, stack(0xb3089000,0xb30da000)]
  0xb383f400 JavaThread "Java2D Disposer" daemon [_thread_blocked, id=5846, stack(0xb30eb000,0xb313c000)]
  0xb684cc00 JavaThread "Service Thread" daemon [_thread_blocked, id=5844, stack(0xb3e2e000,0xb3e7f000)]
  0xb684ac00 JavaThread "C1 CompilerThread0" daemon [_thread_blocked, id=5843, stack(0xb3e7f000,0xb3f00000)]
  0xb6849000 JavaThread "Signal Dispatcher" daemon [_thread_blocked, id=5842, stack(0xb420d000,0xb425e000)]
  0xb6833400 JavaThread "Finalizer" daemon [_thread_blocked, id=5841, stack(0xb425e000,0xb42af000)]
  0xb6831c00 JavaThread "Reference Handler" daemon [_thread_blocked, id=5840, stack(0xb42af000,0xb4300000)]

Other Threads:
  0xb6830400 VMThread [stack: 0xb4300000,0xb4381000] [id=5839]
  0xb684f000 WatcherThread [stack: 0xb3dad000,0xb3e2e000] [id=5845]

VM state:not at safepoint (normal execution)

VM Mutex/Monitor currently owned by a thread: None

Heap
 def new generation   total 8064K, used 6287K [0x6e800000, 0x6f0c0000, 0x792a0000)
  eden space 7168K,  82% used [0x6e800000, 0x6edc8f98, 0x6ef00000)
  from space 896K,  40% used [0x6ef00000, 0x6ef5ae98, 0x6efe0000)
  to   space 896K,   0% used [0x6efe0000, 0x6efe0000, 0x6f0c0000)
 tenured generation   total 17720K, used 13593K [0x792a0000, 0x7a3ee000, 0x8e800000)
   the space 17720K,  76% used [0x792a0000, 0x79fe6578, 0x79fe6600, 0x7a3ee000)
 compacting perm gen  total 12288K, used 6925K [0x8e800000, 0x8f400000, 0x92800000)
   the space 12288K,  56% used [0x8e800000, 0x8eec37b8, 0x8eec3800, 0x8f400000)
    ro space 10240K,  58% used [0x92800000, 0x92de1330, 0x92de1400, 0x93200000)
    rw space 12288K,  59% used [0x93200000, 0x93916340, 0x93916400, 0x93e00000)

Card table byte_map: [0xb4647000,0xb4773000] byte_map_base: 0xb42d3000

Polling page: 0xb7773000

Code Cache  [0xb47f3000, 0xb4c6b000, 0xb67f3000)
 total_blobs=2910 nmethods=2612 adapters=232 free_code_cache=28197Kb largest_free_block=28873088

Compilation events (10 events):
Event: 417.845 Thread 0xb684ac00 2615             javax.swing.text.html.parser.Parser::legalElementContext (806 bytes)
Event: 417.848 Thread 0xb684ac00 nmethod 2615 0xb4c665c8 code [0xb4c66a50, 0xb4c679d4]
Event: 419.197 Thread 0xb684ac00 2616             java.util.Hashtable$Entry::clone (41 bytes)
Event: 419.198 Thread 0xb684ac00 nmethod 2616 0xb4c69408 code [0xb4c69520, 0xb4c6968c]
Event: 419.234 Thread 0xb684ac00 2617             javax.swing.AbstractButton::getIconTextGap (5 bytes)
Event: 419.234 Thread 0xb684ac00 nmethod 2617 0xb4c69748 code [0xb4c69840, 0xb4c698c0]
Event: 419.275 Thread 0xb684ac00 2618             javax.swing.text.ParagraphView$Row::getMaximumSpan (26 bytes)
Event: 419.275 Thread 0xb684ac00 nmethod 2618 0xb4c69908 code [0xb4c69a30, 0xb4c69b04]
Event: 419.275 Thread 0xb684ac00 2619             javax.swing.text.CompositeView::getViewIndex (34 bytes)
Event: 419.275 Thread 0xb684ac00 nmethod 2619 0xb4c69b88 code [0xb4c69cb0, 0xb4c69dc0]

GC Heap History (10 events):
Event: 417.420 GC heap before
{Heap before GC invocations=935 (full 8):
 def new generation   total 8064K, used 7179K [0x6e800000, 0x6f0c0000, 0x792a0000)
  eden space 7168K, 100% used [0x6e800000, 0x6ef00000, 0x6ef00000)
  from space 896K,   1% used [0x6efe0000, 0x6efe2db8, 0x6f0c0000)
  to   space 896K,   0% used [0x6ef00000, 0x6ef00000, 0x6efe0000)
 tenured generation   total 17720K, used 12611K [0x792a0000, 0x7a3ee000, 0x8e800000)
   the space 17720K,  71% used [0x792a0000, 0x79ef0c28, 0x79ef0e00, 0x7a3ee000)
 compacting perm gen  total 12288K, used 6925K [0x8e800000, 0x8f400000, 0x92800000)
   the space 12288K,  56% used [0x8e800000, 0x8eec3718, 0x8eec3800, 0x8f400000)
    ro space 10240K,  58% used [0x92800000, 0x92de1330, 0x92de1400, 0x93200000)
    rw space 12288K,  59% used [0x93200000, 0x93916340, 0x93916400, 0x93e00000)
Event: 417.421 GC heap after
Heap after GC invocations=936 (full 8):
 def new generation   total 8064K, used 12K [0x6e800000, 0x6f0c0000, 0x792a0000)
  eden space 7168K,   0% used [0x6e800000, 0x6e800000, 0x6ef00000)
  from space 896K,   1% used [0x6ef00000, 0x6ef03280, 0x6efe0000)
  to   space 896K,   0% used [0x6efe0000, 0x6efe0000, 0x6f0c0000)
 tenured generation   total 17720K, used 12611K [0x792a0000, 0x7a3ee000, 0x8e800000)
   the space 17720K,  71% used [0x792a0000, 0x79ef0d38, 0x79ef0e00, 0x7a3ee000)
 compacting perm gen  total 12288K, used 6925K [0x8e800000, 0x8f400000, 0x92800000)
   the space 12288K,  56% used [0x8e800000, 0x8eec3718, 0x8eec3800, 0x8f400000)
    ro space 10240K,  58% used [0x92800000, 0x92de1330, 0x92de1400, 0x93200000)
    rw space 12288K,  59% used [0x93200000, 0x93916340, 0x93916400, 0x93e00000)
}
Event: 417.462 GC heap before
{Heap before GC invocations=936 (full 8):
 def new generation   total 8064K, used 7180K [0x6e800000, 0x6f0c0000, 0x792a0000)
  eden space 7168K, 100% used [0x6e800000, 0x6ef00000, 0x6ef00000)
  from space 896K,   1% used [0x6ef00000, 0x6ef03280, 0x6efe0000)
  to   space 896K,   0% used [0x6efe0000, 0x6efe0000, 0x6f0c0000)
 tenured generation   total 17720K, used 12611K [0x792a0000, 0x7a3ee000, 0x8e800000)
   the space 17720K,  71% used [0x792a0000, 0x79ef0d38, 0x79ef0e00, 0x7a3ee000)
 compacting perm gen  total 12288K, used 6925K [0x8e800000, 0x8f400000, 0x92800000)
   the space 12288K,  56% used [0x8e800000, 0x8eec3718, 0x8eec3800, 0x8f400000)
    ro space 10240K,  58% used [0x92800000, 0x92de1330, 0x92de1400, 0x93200000)
    rw space 12288K,  59% used [0x93200000, 0x93916340, 0x93916400, 0x93e00000)
Event: 417.463 GC heap after
Heap after GC invocations=937 (full 8):
 def new generation   total 8064K, used 13K [0x6e800000, 0x6f0c0000, 0x792a0000)
  eden space 7168K,   0% used [0x6e800000, 0x6e800000, 0x6ef00000)
  from space 896K,   1% used [0x6efe0000, 0x6efe3730, 0x6f0c0000)
  to   space 896K,   0% used [0x6ef00000, 0x6ef00000, 0x6efe0000)
 tenured generation   total 17720K, used 12611K [0x792a0000, 0x7a3ee000, 0x8e800000)
   the space 17720K,  71% used [0x792a0000, 0x79ef0e40, 0x79ef1000, 0x7a3ee000)
 compacting perm gen  total 12288K, used 6925K [0x8e800000, 0x8f400000, 0x92800000)
   the space 12288K,  56% used [0x8e800000, 0x8eec3718, 0x8eec3800, 0x8f400000)
    ro space 10240K,  58% used [0x92800000, 0x92de1330, 0x92de1400, 0x93200000)
    rw space 12288K,  59% used [0x93200000, 0x93916340, 0x93916400, 0x93e00000)
}
Event: 417.502 GC heap before
{Heap before GC invocations=937 (full 8):
 def new generation   total 8064K, used 7181K [0x6e800000, 0x6f0c0000, 0x792a0000)
  eden space 7168K, 100% used [0x6e800000, 0x6ef00000, 0x6ef00000)
  from space 896K,   1% used [0x6efe0000, 0x6efe3730, 0x6f0c0000)
  to   space 896K,   0% used [0x6ef00000, 0x6ef00000, 0x6efe0000)
 tenured generation   total 17720K, used 12611K [0x792a0000, 0x7a3ee000, 0x8e800000)
   the space 17720K,  71% used [0x792a0000, 0x79ef0e40, 0x79ef1000, 0x7a3ee000)
 compacting perm gen  total 12288K, used 6925K [0x8e800000, 0x8f400000, 0x92800000)
   the space 12288K,  56% used [0x8e800000, 0x8eec3718, 0x8eec3800, 0x8f400000)
    ro space 10240K,  58% used [0x92800000, 0x92de1330, 0x92de1400, 0x93200000)
    rw space 12288K,  59% used [0x93200000, 0x93916340, 0x93916400, 0x93e00000)
Event: 417.502 GC heap after
Heap after GC invocations=938 (full 8):
 def new generation   total 8064K, used 14K [0x6e800000, 0x6f0c0000, 0x792a0000)
  eden space 7168K,   0% used [0x6e800000, 0x6e800000, 0x6ef00000)
  from space 896K,   1% used [0x6ef00000, 0x6ef039e8, 0x6efe0000)
  to   space 896K,   0% used [0x6efe0000, 0x6efe0000, 0x6f0c0000)
 tenured generation   total 17720K, used 12611K [0x792a0000, 0x7a3ee000, 0x8e800000)
   the space 17720K,  71% used [0x792a0000, 0x79ef0f50, 0x79ef1000, 0x7a3ee000)
 compacting perm gen  total 12288K, used 6925K [0x8e800000, 0x8f400000, 0x92800000)
   the space 12288K,  56% used [0x8e800000, 0x8eec3718, 0x8eec3800, 0x8f400000)
    ro space 10240K,  58% used [0x92800000, 0x92de1330, 0x92de1400, 0x93200000)
    rw space 12288K,  59% used [0x93200000, 0x93916340, 0x93916400, 0x93e00000)
}
Event: 417.653 GC heap before
{Heap before GC invocations=938 (full 8):
 def new generation   total 8064K, used 7182K [0x6e800000, 0x6f0c0000, 0x792a0000)
  eden space 7168K, 100% used [0x6e800000, 0x6ef00000, 0x6ef00000)
  from space 896K,   1% used [0x6ef00000, 0x6ef039e8, 0x6efe0000)
  to   space 896K,   0% used [0x6efe0000, 0x6efe0000, 0x6f0c0000)
 tenured generation   total 17720K, used 12611K [0x792a0000, 0x7a3ee000, 0x8e800000)
   the space 17720K,  71% used [0x792a0000, 0x79ef0f50, 0x79ef1000, 0x7a3ee000)
 compacting perm gen  total 12288K, used 6925K [0x8e800000, 0x8f400000, 0x92800000)
   the space 12288K,  56% used [0x8e800000, 0x8eec3758, 0x8eec3800, 0x8f400000)
    ro space 10240K,  58% used [0x92800000, 0x92de1330, 0x92de1400, 0x93200000)
    rw space 12288K,  59% used [0x93200000, 0x93916340, 0x93916400, 0x93e00000)
Event: 417.656 GC heap after
Heap after GC invocations=939 (full 8):
 def new generation   total 8064K, used 896K [0x6e800000, 0x6f0c0000, 0x792a0000)
  eden space 7168K,   0% used [0x6e800000, 0x6e800000, 0x6ef00000)
  from space 896K, 100% used [0x6efe0000, 0x6f0c0000, 0x6f0c0000)
  to   space 896K,   0% used [0x6ef00000, 0x6ef00000, 0x6efe0000)
 tenured generation   total 17720K, used 12737K [0x792a0000, 0x7a3ee000, 0x8e800000)
   the space 17720K,  71% used [0x792a0000, 0x79f10588, 0x79f10600, 0x7a3ee000)
 compacting perm gen  total 12288K, used 6925K [0x8e800000, 0x8f400000, 0x92800000)
   the space 12288K,  56% used [0x8e800000, 0x8eec3758, 0x8eec3800, 0x8f400000)
    ro space 10240K,  58% used [0x92800000, 0x92de1330, 0x92de1400, 0x93200000)
    rw space 12288K,  59% used [0x93200000, 0x93916340, 0x93916400, 0x93e00000)
}
Event: 417.835 GC heap before
{Heap before GC invocations=939 (full 8):
 def new generation   total 8064K, used 8064K [0x6e800000, 0x6f0c0000, 0x792a0000)
  eden space 7168K, 100% used [0x6e800000, 0x6ef00000, 0x6ef00000)
  from space 896K, 100% used [0x6efe0000, 0x6f0c0000, 0x6f0c0000)
  to   space 896K,   0% used [0x6ef00000, 0x6ef00000, 0x6efe0000)
 tenured generation   total 17720K, used 12737K [0x792a0000, 0x7a3ee000, 0x8e800000)
   the space 17720K,  71% used [0x792a0000, 0x79f10588, 0x79f10600, 0x7a3ee000)
 compacting perm gen  total 12288K, used 6925K [0x8e800000, 0x8f400000, 0x92800000)
   the space 12288K,  56% used [0x8e800000, 0x8eec3788, 0x8eec3800, 0x8f400000)
    ro space 10240K,  58% used [0x92800000, 0x92de1330, 0x92de1400, 0x93200000)
    rw space 12288K,  59% used [0x93200000, 0x93916340, 0x93916400, 0x93e00000)
Event: 417.839 GC heap after
Heap after GC invocations=940 (full 8):
 def new generation   total 8064K, used 363K [0x6e800000, 0x6f0c0000, 0x792a0000)
  eden space 7168K,   0% used [0x6e800000, 0x6e800000, 0x6ef00000)
  from space 896K,  40% used [0x6ef00000, 0x6ef5ae98, 0x6efe0000)
  to   space 896K,   0% used [0x6efe0000, 0x6efe0000, 0x6f0c0000)
 tenured generation   total 17720K, used 13593K [0x792a0000, 0x7a3ee000, 0x8e800000)
   the space 17720K,  76% used [0x792a0000, 0x79fe6578, 0x79fe6600, 0x7a3ee000)
 compacting perm gen  total 12288K, used 6925K [0x8e800000, 0x8f400000, 0x92800000)
   the space 12288K,  56% used [0x8e800000, 0x8eec3788, 0x8eec3800, 0x8f400000)
    ro space 10240K,  58% used [0x92800000, 0x92de1330, 0x92de1400, 0x93200000)
    rw space 12288K,  59% used [0x93200000, 0x93916340, 0x93916400, 0x93e00000)
}

Deoptimization events (0 events):
No events

Internal exceptions (10 events):
Event: 397.135 Thread 0x09a4d400 Threw 0x6ea8b418 at /build/openjdk-7-OXg_HK/openjdk-7-7u79-2.5.6/build/openjdk/hotspot/src/share/vm/prims/nativeLookup.cpp:381
Event: 397.135 Thread 0x09a4d400 Threw 0x6ea8b530 at /build/openjdk-7-OXg_HK/openjdk-7-7u79-2.5.6/build/openjdk/hotspot/src/share/vm/runtime/reflection.cpp:1030
Event: 397.334 Thread 0xb3879000 Threw 0x6ebbe760 at /build/openjdk-7-OXg_HK/openjdk-7-7u79-2.5.6/build/openjdk/hotspot/src/share/vm/prims/jni.cpp:747
Event: 399.980 Thread 0xb3879000 Threw 0x6eb93d88 at /build/openjdk-7-OXg_HK/openjdk-7-7u79-2.5.6/build/openjdk/hotspot/src/share/vm/prims/jni.cpp:747
Event: 403.773 Thread 0x09a4d400 Threw 0x6eb6c8c8 at /build/openjdk-7-OXg_HK/openjdk-7-7u79-2.5.6/build/openjdk/hotspot/src/share/vm/prims/nativeLookup.cpp:381
Event: 403.773 Thread 0x09a4d400 Threw 0x6eb6c9e0 at /build/openjdk-7-OXg_HK/openjdk-7-7u79-2.5.6/build/openjdk/hotspot/src/share/vm/runtime/reflection.cpp:1030
Event: 403.971 Thread 0xb3879000 Threw 0x6ec9c218 at /build/openjdk-7-OXg_HK/openjdk-7-7u79-2.5.6/build/openjdk/hotspot/src/share/vm/prims/jni.cpp:747
Event: 406.431 Thread 0xb3879000 Threw 0x6ec57fc8 at /build/openjdk-7-OXg_HK/openjdk-7-7u79-2.5.6/build/openjdk/hotspot/src/share/vm/prims/jni.cpp:747
Event: 411.534 Thread 0xb3879000 Threw 0x6e882460 at /build/openjdk-7-OXg_HK/openjdk-7-7u79-2.5.6/build/openjdk/hotspot/src/share/vm/prims/jni.cpp:747
Event: 416.007 Thread 0x09a4d400 Threw 0x6e9fa3b8 at /build/openjdk-7-OXg_HK/openjdk-7-7u79-2.5.6/build/openjdk/hotspot/src/share/vm/prims/jvm.cpp:1284

Events (10 events):
Event: 417.948 Executing VM operation: BulkRevokeBias
Event: 417.948 Executing VM operation: BulkRevokeBias done
Event: 417.969 Thread 0x09a4d400 Thread exited: 0x09a4d400
Event: 418.798 Executing VM operation: RevokeBias
Event: 418.799 Executing VM operation: RevokeBias done
Event: 419.330 Thread 0x09a50400 Thread added: 0x09a50400
Event: 419.335 Executing VM operation: RevokeBias
Event: 419.335 Executing VM operation: RevokeBias done
Event: 419.335 Executing VM operation: RevokeBias
Event: 419.335 Executing VM operation: RevokeBias done


Dynamic libraries:
08048000-08049000 r-xp 00000000 08:01 282989     /usr/lib/jvm/java-7-openjdk-i386/jre/bin/java
08049000-0804a000 r--p 00000000 08:01 282989     /usr/lib/jvm/java-7-openjdk-i386/jre/bin/java
0804a000-0804b000 rw-p 00001000 08:01 282989     /usr/lib/jvm/java-7-openjdk-i386/jre/bin/java
0992c000-09d03000 rw-p 00000000 00:00 0          [heap]
6e800000-6f0c0000 rw-p 00000000 00:00 0 
6f0c0000-792a0000 rw-p 00000000 00:00 0 
792a0000-7a3ee000 rw-p 00000000 00:00 0 
7a3ee000-8e800000 rw-p 00000000 00:00 0 
8e800000-8f400000 rw-p 00000000 00:00 0 
8f400000-92800000 rw-p 00000000 00:00 0 
92800000-92de2000 r--p 00001000 08:01 153627     /usr/lib/jvm/java-7-openjdk-i386/jre/lib/i386/client/classes.jsa
92de2000-93200000 rw-p 00000000 00:00 0 
93200000-93917000 rw-p 005e3000 08:01 153627     /usr/lib/jvm/java-7-openjdk-i386/jre/lib/i386/client/classes.jsa
93917000-93e00000 rw-p 00000000 00:00 0 
93e00000-94112000 rw-p 00cfa000 08:01 153627     /usr/lib/jvm/java-7-openjdk-i386/jre/lib/i386/client/classes.jsa
94112000-94200000 rw-p 00000000 00:00 0 
94200000-94209000 r-xp 0100c000 08:01 153627     /usr/lib/jvm/java-7-openjdk-i386/jre/lib/i386/client/classes.jsa
94209000-94600000 rw-p 00000000 00:00 0 
b1c21000-b1cff000 rw-p 00000000 00:00 0 
b1cff000-b1d02000 ---p 00000000 00:00 0 
b1d02000-b1d50000 rw-p 00000000 00:00 0          [stack:6299]
b1de6000-b1e27000 r-xp 00000000 08:01 212606     /home/user/Desktop/contiki-ng-develop/examples/6tisch/orchestra-test/build/cooja/mtype917.cooja
b1e27000-b1e28000 r--p 00040000 08:01 212606     /home/user/Desktop/contiki-ng-develop/examples/6tisch/orchestra-test/build/cooja/mtype917.cooja
b1e28000-b1e29000 rw-p 00041000 08:01 212606     /home/user/Desktop/contiki-ng-develop/examples/6tisch/orchestra-test/build/cooja/mtype917.cooja
b1e29000-b1e55000 rw-p 00000000 00:00 0 
b1e55000-b1e58000 ---p 00000000 00:00 0 
b1e58000-b1ea6000 rw-p 00000000 00:00 0          [stack:6256]
b1ea6000-b1ea9000 ---p 00000000 00:00 0 
b1ea9000-b1ef7000 rw-p 00000000 00:00 0          [stack:6257]
b1f3c000-b1f3f000 ---p 00000000 00:00 0 
b1f3f000-b1f8d000 rw-p 00000000 00:00 0          [stack:6300]
b1f8d000-b1fce000 r-xp 00000000 08:01 212610     /home/user/Desktop/contiki-ng-develop/examples/6tisch/orchestra-test/build/cooja/mtype610.cooja
b1fce000-b1fcf000 r--p 00040000 08:01 212610     /home/user/Desktop/contiki-ng-develop/examples/6tisch/orchestra-test/build/cooja/mtype610.cooja
b1fcf000-b1fd0000 rw-p 00041000 08:01 212610     /home/user/Desktop/contiki-ng-develop/examples/6tisch/orchestra-test/build/cooja/mtype610.cooja
b1fd0000-b1ffc000 rw-p 00000000 00:00 0 
b1ffc000-b1fff000 ---p 00000000 00:00 0 
b1fff000-b204d000 rw-p 00000000 00:00 0          [stack:6207]
b204d000-b2050000 ---p 00000000 00:00 0 
b2050000-b209e000 rw-p 00000000 00:00 0          [stack:6208]
b20e3000-b20e6000 ---p 00000000 00:00 0 
b20e6000-b2134000 rw-p 00000000 00:00 0 
b2134000-b2175000 r-xp 00000000 08:01 212587     /home/user/Desktop/contiki-ng-develop/examples/6tisch/orchestra-test/build/cooja/mtype615.cooja
b2175000-b2176000 r--p 00040000 08:01 212587     /home/user/Desktop/contiki-ng-develop/examples/6tisch/orchestra-test/build/cooja/mtype615.cooja
b2176000-b2177000 rw-p 00041000 08:01 212587     /home/user/Desktop/contiki-ng-develop/examples/6tisch/orchestra-test/build/cooja/mtype615.cooja
b2177000-b21a3000 rw-p 00000000 00:00 0 
b21a3000-b21a6000 ---p 00000000 00:00 0 
b21a6000-b21f4000 rw-p 00000000 00:00 0          [stack:6163]
b2239000-b223c000 ---p 00000000 00:00 0 
b223c000-b228a000 rw-p 00000000 00:00 0          [stack:6218]
b228a000-b22cb000 r-xp 00000000 08:01 212597     /home/user/Desktop/contiki-ng-develop/examples/6tisch/orchestra-test/build/cooja/mtype312.cooja
b22cb000-b22cc000 r--p 00040000 08:01 212597     /home/user/Desktop/contiki-ng-develop/examples/6tisch/orchestra-test/build/cooja/mtype312.cooja
b22cc000-b22cd000 rw-p 00041000 08:01 212597     /home/user/Desktop/contiki-ng-develop/examples/6tisch/orchestra-test/build/cooja/mtype312.cooja
b22cd000-b22f9000 rw-p 00000000 00:00 0 
b22f9000-b22fc000 ---p 00000000 00:00 0 
b22fc000-b234a000 rw-p 00000000 00:00 0          [stack:6108]
b238f000-b2392000 ---p 00000000 00:00 0 
b2392000-b23e0000 rw-p 00000000 00:00 0          [stack:6164]
b23e0000-b2421000 r-xp 00000000 08:01 212602     /home/user/Desktop/contiki-ng-develop/examples/6tisch/orchestra-test/build/cooja/mtype432.cooja
b2421000-b2422000 r--p 00040000 08:01 212602     /home/user/Desktop/contiki-ng-develop/examples/6tisch/orchestra-test/build/cooja/mtype432.cooja
b2422000-b2423000 rw-p 00041000 08:01 212602     /home/user/Desktop/contiki-ng-develop/examples/6tisch/orchestra-test/build/cooja/mtype432.cooja
b2423000-b244f000 rw-p 00000000 00:00 0 
b244f000-b2452000 ---p 00000000 00:00 0 
b2452000-b24a0000 rw-p 00000000 00:00 0          [stack:6060]
b24e5000-b24e8000 ---p 00000000 00:00 0 
b24e8000-b2536000 rw-p 00000000 00:00 0          [stack:6109]
b2536000-b2577000 r-xp 00000000 08:01 212592     /home/user/Desktop/contiki-ng-develop/examples/6tisch/orchestra-test/build/cooja/mtype215.cooja
b2577000-b2578000 r--p 00040000 08:01 212592     /home/user/Desktop/contiki-ng-develop/examples/6tisch/orchestra-test/build/cooja/mtype215.cooja
b2578000-b2579000 rw-p 00041000 08:01 212592     /home/user/Desktop/contiki-ng-develop/examples/6tisch/orchestra-test/build/cooja/mtype215.cooja
b2579000-b25a5000 rw-p 00000000 00:00 0 
b25a5000-b25a8000 ---p 00000000 00:00 0 
b25a8000-b25f6000 rw-p 00000000 00:00 0          [stack:5990]
b263b000-b263e000 ---p 00000000 00:00 0 
b263e000-b268c000 rw-p 00000000 00:00 0          [stack:6061]
b268c000-b26cd000 r-xp 00000000 08:01 212578     /home/user/Desktop/contiki-ng-develop/examples/6tisch/orchestra-test/build/cooja/mtype498.cooja
b26cd000-b26ce000 r--p 00040000 08:01 212578     /home/user/Desktop/contiki-ng-develop/examples/6tisch/orchestra-test/build/cooja/mtype498.cooja
b26ce000-b26cf000 rw-p 00041000 08:01 212578     /home/user/Desktop/contiki-ng-develop/examples/6tisch/orchestra-test/build/cooja/mtype498.cooja
b26cf000-b26fb000 rw-p 00000000 00:00 0 
b26fb000-b26fe000 ---p 00000000 00:00 0 
b26fe000-b274c000 rw-p 00000000 00:00 0          [stack:5942]
b274c000-b274f000 ---p 00000000 00:00 0 
b274f000-b279d000 rw-p 00000000 00:00 0          [stack:5943]
b27e2000-b27e5000 ---p 00000000 00:00 0 
b27e5000-b2833000 rw-p 00000000 00:00 0          [stack:5991]
b2833000-b2874000 r-xp 00000000 08:01 212567     /home/user/Desktop/contiki-ng-develop/examples/6tisch/orchestra-test/build/cooja/mtype385.cooja
b2874000-b2875000 r--p 00040000 08:01 212567     /home/user/Desktop/contiki-ng-develop/examples/6tisch/orchestra-test/build/cooja/mtype385.cooja
b2875000-b2876000 rw-p 00041000 08:01 212567     /home/user/Desktop/contiki-ng-develop/examples/6tisch/orchestra-test/build/cooja/mtype385.cooja
b2876000-b28a2000 rw-p 00000000 00:00 0 
b28a2000-b28a5000 ---p 00000000 00:00 0 
b28a5000-b28f3000 rw-p 00000000 00:00 0          [stack:5893]
b28f3000-b28f6000 ---p 00000000 00:00 0 
b28f6000-b2944000 rw-p 00000000 00:00 0          [stack:5894]
b2944000-b2947000 ---p 00000000 00:00 0 
b2947000-b2995000 rw-p 00000000 00:00 0          [stack:5904]
b29da000-b29dd000 ---p 00000000 00:00 0 
b29dd000-b2a2b000 rw-p 00000000 00:00 0          [stack:6174]
b2a2b000-b2a6c000 r-xp 00000000 08:01 212554     /home/user/Desktop/contiki-ng-develop/examples/6tisch/orchestra-test/build/cooja/mtype822.cooja
b2a6c000-b2a6d000 r--p 00040000 08:01 212554     /home/user/Desktop/contiki-ng-develop/examples/6tisch/orchestra-test/build/cooja/mtype822.cooja
b2a6d000-b2a6e000 rw-p 00041000 08:01 212554     /home/user/Desktop/contiki-ng-develop/examples/6tisch/orchestra-test/build/cooja/mtype822.cooja
b2a6e000-b2a9a000 rw-p 00000000 00:00 0 
b2add000-b2ae0000 ---p 00000000 00:00 0 
b2ae0000-b2b2e000 rw-p 00000000 00:00 0          [stack:6310]
b2b34000-b2b59000 rw-s 00000000 00:04 86278165   /SYSV00000000 (deleted)
b2b59000-b2b67000 rw-s 00000000 00:04 83787790   /SYSV00000000 (deleted)
b2b67000-b2b6a000 ---p 00000000 00:00 0 
b2b6a000-b2b80000 rw-p 00000000 00:00 0          [stack:6015]
b2b8c000-b2b8d000 rw-p 00000000 00:00 0 
b2b8d000-b2e9d000 rw-s 00000000 00:04 75726859   /SYSV00000000 (deleted)
b2e9d000-b2e9e000 r--s 00003000 08:01 155265     /home/user/Desktop/contiki-ng-develop/tools/cooja/apps/powertracker/powertracker.jar
b2e9e000-b2ea0000 r--s 00008000 08:01 168190     /home/user/Desktop/contiki-ng-develop/tools/cooja/apps/serial_socket/serial-socket.jar
b2ea0000-b2eda000 r--s 001e1000 08:01 157492     /home/user/Desktop/contiki-ng-develop/tools/cooja/apps/avrora/lib/avrora-small.jar
b2eda000-b2edb000 r--s 00008000 08:01 168111     /home/user/Desktop/contiki-ng-develop/tools/cooja/apps/avrora/cooja-avrora.jar
b2edb000-b2edd000 r--s 00010000 08:01 167876     /home/user/Desktop/contiki-ng-develop/tools/cooja/apps/mspsim/lib/jipv6.jar
b2edd000-b2ede000 r--s 00004000 08:01 167892     /home/user/Desktop/contiki-ng-develop/tools/cooja/apps/mspsim/lib/coffee.jar
b2ede000-b2eea000 r--s 000eb000 08:01 167875     /home/user/Desktop/contiki-ng-develop/tools/cooja/apps/mspsim/lib/mspsim.jar
b2eea000-b2ef0000 r--s 00064000 08:01 168089     /home/user/Desktop/contiki-ng-develop/tools/cooja/apps/mspsim/lib/cooja-mspsim.jar
b2ef0000-b2ef2000 r--s 0001e000 08:01 162306     /home/user/Desktop/contiki-ng-develop/tools/cooja/apps/mrm/mrm.jar
b2ef2000-b2ef5000 ---p 00000000 00:00 0 
b2ef5000-b2f43000 rw-p 00000000 00:00 0          [stack:5850]
b2f43000-b2f46000 ---p 00000000 00:00 0 
b2f46000-b2f94000 rw-p 00000000 00:00 0          [stack:5849]
b2f94000-b2f97000 ---p 00000000 00:00 0 
b2f97000-b2fe5000 rw-p 00000000 00:00 0          [stack:5848]
b2fe5000-b2fe6000 r--s 00000000 08:01 395215     /var/cache/fontconfig/c05880de57d1f5e948fdfacc138775d9-le32d4.cache-4
b2fe6000-b2fee000 r--s 00000000 08:01 395167     /var/cache/fontconfig/945677eb7aeaf62f1d50efc3fb3ec7d8-le32d4.cache-4
b2fee000-b2ff0000 r--s 00000000 08:01 395164     /var/cache/fontconfig/99e8ed0e538f840c565b6ed5dad60d56-le32d4.cache-4
b2ff0000-b2ff4000 r--s 00000000 08:01 395159     /var/cache/fontconfig/2cd17615ca594fa2959ae173292e504c-le32d4.cache-4
b2ff4000-b2ff5000 r--s 00000000 08:01 395064     /var/cache/fontconfig/e7071f4a29fa870f4323321c154eba04-le32d4.cache-4
b2ff5000-b2ff6000 r--s 00000000 08:01 394991     /var/cache/fontconfig/0d8c3b2ac0904cb8a57a757ad11a4a08-le32d4.cache-4
b2ff6000-b2ffb000 r--s 00000000 08:01 394968     /var/cache/fontconfig/a755afe4a08bf5b97852ceb7400b47bc-le32d4.cache-4
b2ffb000-b3004000 r--s 00000000 08:01 394962     /var/cache/fontconfig/6d41288fd70b0be22e8c3a91e032eec0-le32d4.cache-4
b3004000-b3013000 r--s 00000000 08:01 394955     /var/cache/fontconfig/04aabc0a78ac019cf9454389977116d2-le32d4.cache-4
b3013000-b3014000 r--s 00000000 08:01 394954     /var/cache/fontconfig/1ac9eb803944fde146138c791f5cc56a-le32d4.cache-4
b3014000-b3017000 r--s 00000000 08:01 394928     /var/cache/fontconfig/385c0604a188198f04d133e54aba7fe7-le32d4.cache-4
b3017000-b3019000 r--s 00000000 08:01 394921     /var/cache/fontconfig/767a8244fc0220cfb567a839d0392e0b-le32d4.cache-4
b3019000-b301d000 r--s 00000000 08:01 394858     /var/cache/fontconfig/8801497958630a81b71ace7c5f9b32a8-le32d4.cache-4
b301d000-b3022000 r--s 00000000 08:01 394798     /var/cache/fontconfig/3047814df9a2f067bd2d96a2b9c36e5a-le32d4.cache-4
b3022000-b3026000 r--s 00000000 08:01 394795     /var/cache/fontconfig/b47c4e1ecd0709278f4910c18777a504-le32d4.cache-4
b3026000-b3036000 r--s 00000000 08:01 394737     /var/cache/fontconfig/d52a8644073d54c13679302ca1180695-le32d4.cache-4
b3036000-b3086000 r-xp 00000000 08:01 138960     /usr/lib/jvm/java-7-openjdk-i386/jre/lib/i386/libfontmanager.so
b3086000-b3088000 r--p 0004f000 08:01 138960     /usr/lib/jvm/java-7-openjdk-i386/jre/lib/i386/libfontmanager.so
b3088000-b3089000 rw-p 00051000 08:01 138960     /usr/lib/jvm/java-7-openjdk-i386/jre/lib/i386/libfontmanager.so
b3089000-b308c000 ---p 00000000 00:00 0 
b308c000-b30da000 rw-p 00000000 00:00 0          [stack:5847]
b30da000-b30de000 r-xp 00000000 08:01 7640       /usr/lib/i386-linux-gnu/libXfixes.so.3.1.0
b30de000-b30df000 r--p 00003000 08:01 7640       /usr/lib/i386-linux-gnu/libXfixes.so.3.1.0
b30df000-b30e0000 rw-p 00004000 08:01 7640       /usr/lib/i386-linux-gnu/libXfixes.so.3.1.0
b30e0000-b30e9000 r-xp 00000000 08:01 9790       /usr/lib/i386-linux-gnu/libXcursor.so.1.0.2
b30e9000-b30ea000 r--p 00008000 08:01 9790       /usr/lib/i386-linux-gnu/libXcursor.so.1.0.2
b30ea000-b30eb000 rw-p 00009000 08:01 9790       /usr/lib/i386-linux-gnu/libXcursor.so.1.0.2
b30eb000-b30ee000 ---p 00000000 00:00 0 
b30ee000-b313c000 rw-p 00000000 00:00 0          [stack:5846]
b313c000-b313f000 r-xp 00000000 08:01 131371     /lib/i386-linux-gnu/libgpg-error.so.0.10.0
b313f000-b3140000 r--p 00002000 08:01 131371     /lib/i386-linux-gnu/libgpg-error.so.0.10.0
b3140000-b3141000 rw-p 00003000 08:01 131371     /lib/i386-linux-gnu/libgpg-error.so.0.10.0
b3141000-b3143000 r-xp 00000000 08:01 132278     /lib/i386-linux-gnu/libkeyutils.so.1.4
b3143000-b3144000 r--p 00002000 08:01 132278     /lib/i386-linux-gnu/libkeyutils.so.1.4
b3144000-b3145000 rw-p 00003000 08:01 132278     /lib/i386-linux-gnu/libkeyutils.so.1.4
b3145000-b316b000 r-xp 00000000 08:01 158418     /lib/i386-linux-gnu/libpng12.so.0.50.0
b316b000-b316c000 r--p 00025000 08:01 158418     /lib/i386-linux-gnu/libpng12.so.0.50.0
b316c000-b316d000 rw-p 00026000 08:01 158418     /lib/i386-linux-gnu/libpng12.so.0.50.0
b316d000-b31b6000 r-xp 00000000 08:01 131443     /lib/i386-linux-gnu/libdbus-1.so.3.7.6
b31b6000-b31b7000 r--p 00048000 08:01 131443     /lib/i386-linux-gnu/libdbus-1.so.3.7.6
b31b7000-b31b8000 rw-p 00049000 08:01 131443     /lib/i386-linux-gnu/libdbus-1.so.3.7.6
b31b8000-b31ef000 r-xp 00000000 08:01 712        /usr/lib/i386-linux-gnu/libp11-kit.so.0.0.0
b31ef000-b31f0000 ---p 00037000 08:01 712        /usr/lib/i386-linux-gnu/libp11-kit.so.0.0.0
b31f0000-b31f3000 r--p 00037000 08:01 712        /usr/lib/i386-linux-gnu/libp11-kit.so.0.0.0
b31f3000-b31f4000 rw-p 0003a000 08:01 712        /usr/lib/i386-linux-gnu/libp11-kit.so.0.0.0
b31f4000-b3206000 r-xp 00000000 08:01 38286      /usr/lib/i386-linux-gnu/libtasn1.so.6.2.0
b3206000-b3207000 r--p 00011000 08:01 38286      /usr/lib/i386-linux-gnu/libtasn1.so.6.2.0
b3207000-b3208000 rw-p 00012000 08:01 38286      /usr/lib/i386-linux-gnu/libtasn1.so.6.2.0
b3208000-b328a000 r-xp 00000000 08:01 131206     /lib/i386-linux-gnu/libgcrypt.so.11.8.2
b328a000-b328b000 r--p 00082000 08:01 131206     /lib/i386-linux-gnu/libgcrypt.so.11.8.2
b328b000-b328d000 rw-p 00083000 08:01 131206     /lib/i386-linux-gnu/libgcrypt.so.11.8.2
b328d000-b328e000 rw-p 00000000 00:00 0 
b328e000-b3298000 r-xp 00000000 08:01 56557      /usr/lib/i386-linux-gnu/libkrb5support.so.0.1
b3298000-b3299000 r--p 00009000 08:01 56557      /usr/lib/i386-linux-gnu/libkrb5support.so.0.1
b3299000-b329a000 rw-p 0000a000 08:01 56557      /usr/lib/i386-linux-gnu/libkrb5support.so.0.1
b329a000-b329d000 r-xp 00000000 08:01 138844     /lib/i386-linux-gnu/libcom_err.so.2.1
b329d000-b329e000 r--p 00002000 08:01 138844     /lib/i386-linux-gnu/libcom_err.so.2.1
b329e000-b329f000 rw-p 00003000 08:01 138844     /lib/i386-linux-gnu/libcom_err.so.2.1
b329f000-b32cd000 r-xp 00000000 08:01 56585      /usr/lib/i386-linux-gnu/libk5crypto.so.3.1
b32cd000-b32ce000 r--p 0002d000 08:01 56585      /usr/lib/i386-linux-gnu/libk5crypto.so.3.1
b32ce000-b32cf000 rw-p 0002e000 08:01 56585      /usr/lib/i386-linux-gnu/libk5crypto.so.3.1
b32cf000-b3386000 r-xp 00000000 08:01 56629      /usr/lib/i386-linux-gnu/libkrb5.so.3.3
b3386000-b338c000 r--p 000b7000 08:01 56629      /usr/lib/i386-linux-gnu/libkrb5.so.3.3
b338c000-b338d000 rw-p 000bd000 08:01 56629      /usr/lib/i386-linux-gnu/libkrb5.so.3.3
b338d000-b3392000 r-xp 00000000 08:01 5406       /usr/lib/i386-linux-gnu/libXdmcp.so.6.0.0
b3392000-b3393000 r--p 00004000 08:01 5406       /usr/lib/i386-linux-gnu/libXdmcp.so.6.0.0
b3393000-b3394000 rw-p 00005000 08:01 5406       /usr/lib/i386-linux-gnu/libXdmcp.so.6.0.0
b3394000-b3396000 r-xp 00000000 08:01 5352       /usr/lib/i386-linux-gnu/libXau.so.6.0.0
b3396000-b3397000 r--p 00001000 08:01 5352       /usr/lib/i386-linux-gnu/libXau.so.6.0.0
b3397000-b3398000 rw-p 00002000 08:01 5352       /usr/lib/i386-linux-gnu/libXau.so.6.0.0
b3398000-b33bd000 r-xp 00000000 08:01 131422     /lib/i386-linux-gnu/libexpat.so.1.6.0
b33bd000-b33be000 ---p 00025000 08:01 131422     /lib/i386-linux-gnu/libexpat.so.1.6.0
b33be000-b33c0000 r--p 00025000 08:01 131422     /lib/i386-linux-gnu/libexpat.so.1.6.0
b33c0000-b33c1000 rw-p 00027000 08:01 131422     /lib/i386-linux-gnu/libexpat.so.1.6.0
b33c1000-b345c000 r-xp 00000000 08:01 5308       /usr/lib/i386-linux-gnu/libfreetype.so.6.11.1
b345c000-b3460000 r--p 0009a000 08:01 5308       /usr/lib/i386-linux-gnu/libfreetype.so.6.11.1
b3460000-b3461000 rw-p 0009e000 08:01 5308       /usr/lib/i386-linux-gnu/libfreetype.so.6.11.1
b3461000-b3471000 r-xp 00000000 08:01 10788      /usr/lib/i386-linux-gnu/libavahi-client.so.3.2.9
b3471000-b3472000 r--p 0000f000 08:01 10788      /usr/lib/i386-linux-gnu/libavahi-client.so.3.2.9
b3472000-b3473000 rw-p 00010000 08:01 10788      /usr/lib/i386-linux-gnu/libavahi-client.so.3.2.9
b3473000-b347f000 r-xp 00000000 08:01 8766       /usr/lib/i386-linux-gnu/libavahi-common.so.3.5.3
b347f000-b3480000 r--p 0000b000 08:01 8766       /usr/lib/i386-linux-gnu/libavahi-common.so.3.5.3
b3480000-b3481000 rw-p 0000c000 08:01 8766       /usr/lib/i386-linux-gnu/libavahi-common.so.3.5.3
b3481000-b3542000 r-xp 00000000 08:01 43756      /usr/lib/i386-linux-gnu/libgnutls.so.26.22.6
b3542000-b3546000 r--p 000c0000 08:01 43756      /usr/lib/i386-linux-gnu/libgnutls.so.26.22.6
b3546000-b3547000 rw-p 000c4000 08:01 43756      /usr/lib/i386-linux-gnu/libgnutls.so.26.22.6
b3547000-b358a000 r-xp 00000000 08:01 56613      /usr/lib/i386-linux-gnu/libgssapi_krb5.so.2.2
b358a000-b358b000 r--p 00042000 08:01 56613      /usr/lib/i386-linux-gnu/libgssapi_krb5.so.2.2
b358b000-b358c000 rw-p 00043000 08:01 56613      /usr/lib/i386-linux-gnu/libgssapi_krb5.so.2.2
b358c000-b35ac000 r-xp 00000000 08:01 66655      /usr/lib/i386-linux-gnu/libxcb.so.1.1.0
b35ac000-b35ad000 r--p 0001f000 08:01 66655      /usr/lib/i386-linux-gnu/libxcb.so.1.1.0
b35ad000-b35ae000 rw-p 00020000 08:01 66655      /usr/lib/i386-linux-gnu/libxcb.so.1.1.0
b35ae000-b35e7000 r-xp 00000000 08:01 10898      /usr/lib/i386-linux-gnu/libfontconfig.so.1.8.0
b35e7000-b35e8000 r--p 00039000 08:01 10898      /usr/lib/i386-linux-gnu/libfontconfig.so.1.8.0
b35e8000-b35e9000 rw-p 0003a000 08:01 10898      /usr/lib/i386-linux-gnu/libfontconfig.so.1.8.0
b35e9000-b3650000 r-xp 00000000 08:01 6693       /usr/lib/i386-linux-gnu/libcups.so.2
b3650000-b3651000 ---p 00067000 08:01 6693       /usr/lib/i386-linux-gnu/libcups.so.2
b3651000-b3655000 r--p 00067000 08:01 6693       /usr/lib/i386-linux-gnu/libcups.so.2
b3655000-b3656000 rw-p 0006b000 08:01 6693       /usr/lib/i386-linux-gnu/libcups.so.2
b3656000-b3664000 r-xp 00000000 08:01 7577       /usr/lib/i386-linux-gnu/libXi.so.6.1.0
b3664000-b3665000 r--p 0000e000 08:01 7577       /usr/lib/i386-linux-gnu/libXi.so.6.1.0
b3665000-b3666000 rw-p 0000f000 08:01 7577       /usr/lib/i386-linux-gnu/libXi.so.6.1.0
b3666000-b366b000 r-xp 00000000 08:01 10292      /usr/lib/i386-linux-gnu/libXtst.so.6.1.0
b366b000-b366c000 r--p 00004000 08:01 10292      /usr/lib/i386-linux-gnu/libXtst.so.6.1.0
b366c000-b366d000 rw-p 00005000 08:01 10292      /usr/lib/i386-linux-gnu/libXtst.so.6.1.0
b366d000-b379d000 r-xp 00000000 08:01 10842      /usr/lib/i386-linux-gnu/libX11.so.6.3.0
b379d000-b379e000 r--p 00130000 08:01 10842      /usr/lib/i386-linux-gnu/libX11.so.6.3.0
b379e000-b37a0000 rw-p 00131000 08:01 10842      /usr/lib/i386-linux-gnu/libX11.so.6.3.0
b37a0000-b37a1000 rw-p 00000000 00:00 0 
b37a1000-b37b2000 r-xp 00000000 08:01 6183       /usr/lib/i386-linux-gnu/libXext.so.6.4.0
b37b2000-b37b3000 r--p 00010000 08:01 6183       /usr/lib/i386-linux-gnu/libXext.so.6.4.0
b37b3000-b37b4000 rw-p 00011000 08:01 6183       /usr/lib/i386-linux-gnu/libXext.so.6.4.0
b37b4000-b37fc000 r-xp 00000000 08:01 136828     /usr/lib/jvm/java-7-openjdk-i386/jre/lib/i386/xawt/libmawt.so
b37fc000-b37fd000 r--p 00047000 08:01 136828     /usr/lib/jvm/java-7-openjdk-i386/jre/lib/i386/xawt/libmawt.so
b37fd000-b37ff000 rw-p 00048000 08:01 136828     /usr/lib/jvm/java-7-openjdk-i386/jre/lib/i386/xawt/libmawt.so
b37ff000-b3800000 rw-p 00000000 00:00 0 
b3800000-b38de000 rw-p 00000000 00:00 0 
b38de000-b3900000 ---p 00000000 00:00 0 
b3900000-b3901000 r--s 00000000 08:01 394926     /var/cache/fontconfig/dc05db6664285cc2f12bf69c139ae4c3-le32d4.cache-4
b3901000-b390a000 r-xp 00000000 08:01 6199       /usr/lib/i386-linux-gnu/libXrender.so.1.3.0
b390a000-b390b000 r--p 00008000 08:01 6199       /usr/lib/i386-linux-gnu/libXrender.so.1.3.0
b390b000-b390c000 rw-p 00009000 08:01 6199       /usr/lib/i386-linux-gnu/libXrender.so.1.3.0
b390c000-b399b000 r-xp 00000000 08:01 138964     /usr/lib/jvm/java-7-openjdk-i386/jre/lib/i386/libawt.so
b399b000-b399c000 r--p 0008f000 08:01 138964     /usr/lib/jvm/java-7-openjdk-i386/jre/lib/i386/libawt.so
b399c000-b39a3000 rw-p 00090000 08:01 138964     /usr/lib/jvm/java-7-openjdk-i386/jre/lib/i386/libawt.so
b39a3000-b39c7000 rw-p 00000000 00:00 0 
b39c7000-b3a03000 r-xp 00000000 08:01 136082     /lib/i386-linux-gnu/libpcre.so.3.13.1
b3a03000-b3a04000 r--p 0003b000 08:01 136082     /lib/i386-linux-gnu/libpcre.so.3.13.1
b3a04000-b3a05000 rw-p 0003c000 08:01 136082     /lib/i386-linux-gnu/libpcre.so.3.13.1
b3a05000-b3a0a000 r-xp 00000000 08:01 1818       /usr/lib/i386-linux-gnu/libffi.so.6.0.1
b3a0a000-b3a0b000 r--p 00005000 08:01 1818       /usr/lib/i386-linux-gnu/libffi.so.6.0.1
b3a0b000-b3a0c000 rw-p 00006000 08:01 1818       /usr/lib/i386-linux-gnu/libffi.so.6.0.1
b3a0c000-b3a1f000 r-xp 00000000 08:01 159740     /lib/i386-linux-gnu/libresolv-2.19.so
b3a1f000-b3a20000 ---p 00013000 08:01 159740     /lib/i386-linux-gnu/libresolv-2.19.so
b3a20000-b3a21000 r--p 00013000 08:01 159740     /lib/i386-linux-gnu/libresolv-2.19.so
b3a21000-b3a22000 rw-p 00014000 08:01 159740     /lib/i386-linux-gnu/libresolv-2.19.so
b3a22000-b3a24000 rw-p 00000000 00:00 0 
b3a24000-b3a44000 r-xp 00000000 08:01 131406     /lib/i386-linux-gnu/libselinux.so.1
b3a44000-b3a45000 r--p 0001f000 08:01 131406     /lib/i386-linux-gnu/libselinux.so.1
b3a45000-b3a46000 rw-p 00020000 08:01 131406     /lib/i386-linux-gnu/libselinux.so.1
b3a46000-b3a47000 rw-p 00000000 00:00 0 
b3a47000-b3a4a000 r-xp 00000000 08:01 1675       /usr/lib/i386-linux-gnu/libgmodule-2.0.so.0.4002.0
b3a4a000-b3a4b000 r--p 00002000 08:01 1675       /usr/lib/i386-linux-gnu/libgmodule-2.0.so.0.4002.0
b3a4b000-b3a4c000 rw-p 00003000 08:01 1675       /usr/lib/i386-linux-gnu/libgmodule-2.0.so.0.4002.0
b3a4c000-b3b56000 r-xp 00000000 08:01 136564     /lib/i386-linux-gnu/libglib-2.0.so.0.4002.0
b3b56000-b3b57000 r--p 00109000 08:01 136564     /lib/i386-linux-gnu/libglib-2.0.so.0.4002.0
b3b57000-b3b58000 rw-p 0010a000 08:01 136564     /lib/i386-linux-gnu/libglib-2.0.so.0.4002.0
b3b58000-b3ba8000 r-xp 00000000 08:01 1672       /usr/lib/i386-linux-gnu/libgobject-2.0.so.0.4002.0
b3ba8000-b3ba9000 r--p 0004f000 08:01 1672       /usr/lib/i386-linux-gnu/libgobject-2.0.so.0.4002.0
b3ba9000-b3baa000 rw-p 00050000 08:01 1672       /usr/lib/i386-linux-gnu/libgobject-2.0.so.0.4002.0
b3baa000-b3d27000 r-xp 00000000 08:01 1674       /usr/lib/i386-linux-gnu/libgio-2.0.so.0.4002.0
b3d27000-b3d29000 r--p 0017d000 08:01 1674       /usr/lib/i386-linux-gnu/libgio-2.0.so.0.4002.0
b3d29000-b3d2a000 rw-p 0017f000 08:01 1674       /usr/lib/i386-linux-gnu/libgio-2.0.so.0.4002.0
b3d2a000-b3d2b000 rw-p 00000000 00:00 0 
b3d2b000-b3d2c000 r--s 00000000 08:01 394913     /var/cache/fontconfig/4794a0821666d79190d59a36cb4f44b5-le32d4.cache-4
b3d2c000-b3d2d000 r--s 00000000 08:01 394797     /var/cache/fontconfig/56cf4f4769d0f4abc89a4895d7bd3ae1-le32d4.cache-4
b3d2d000-b3d2e000 r--s 00000000 08:01 394796     /var/cache/fontconfig/b9d506c9ac06c20b433354fa67a72993-le32d4.cache-4
b3d2e000-b3d35000 r--s 00000000 08:01 394735     /var/cache/fontconfig/3f7329c5293ffd510edef78f73874cfd-le32d4.cache-4
b3d35000-b3d3e000 r--s 00000000 08:01 394733     /var/cache/fontconfig/d589a48862398ed80a3d6066f4f56f4c-le32d4.cache-4
b3d3e000-b3d3f000 r--s 00000000 08:01 394716     /var/cache/fontconfig/0c9eb80ebd1c36541ebe2852d3bb0c49-le32d4.cache-4
b3d3f000-b3d41000 r--s 00000000 08:01 393797     /var/cache/fontconfig/e13b20fdb08344e0e664864cc2ede53d-le32d4.cache-4
b3d41000-b3d44000 r--s 00000000 08:01 394715     /var/cache/fontconfig/7ef2298fde41cc6eeb7af42e48b7d293-le32d4.cache-4
b3d44000-b3d5b000 r-xp 00000000 08:01 138987     /usr/lib/jvm/java-7-openjdk-i386/jre/lib/i386/libnet.so
b3d5b000-b3d5c000 r--p 00017000 08:01 138987     /usr/lib/jvm/java-7-openjdk-i386/jre/lib/i386/libnet.so
b3d5c000-b3d5d000 rw-p 00018000 08:01 138987     /usr/lib/jvm/java-7-openjdk-i386/jre/lib/i386/libnet.so
b3d5d000-b3d6e000 r-xp 00000000 08:01 138994     /usr/lib/jvm/java-7-openjdk-i386/jre/lib/i386/libnio.so
b3d6e000-b3d6f000 r--p 00010000 08:01 138994     /usr/lib/jvm/java-7-openjdk-i386/jre/lib/i386/libnio.so
b3d6f000-b3d70000 rw-p 00011000 08:01 138994     /usr/lib/jvm/java-7-openjdk-i386/jre/lib/i386/libnio.so
b3d70000-b3d7a000 r--s 000ae000 08:01 136954     /usr/lib/jvm/java-7-openjdk-i386/jre/lib/resources.jar
b3d7a000-b3d97000 r--s 0014f000 08:01 158329     /home/user/Desktop/contiki-ng-develop/tools/cooja/lib/swingx-all-1.6.4.jar
b3d97000-b3d9e000 r--s 0005b000 08:01 158327     /home/user/Desktop/contiki-ng-develop/tools/cooja/lib/jsyntaxpane.jar
b3d9e000-b3da5000 r--s 0004f000 08:01 158328     /home/user/Desktop/contiki-ng-develop/tools/cooja/lib/log4j.jar
b3da5000-b3da8000 r--s 00022000 08:01 158326     /home/user/Desktop/contiki-ng-develop/tools/cooja/lib/jdom.jar
b3da8000-b3dac000 r--s 00085000 08:01 144112     /usr/lib/jvm/java-7-openjdk-i386/jre/lib/ext/localedata.jar
b3dac000-b3dad000 r--s 00002000 08:01 144114     /usr/lib/jvm/java-7-openjdk-i386/jre/lib/ext/dnsns.jar
b3dad000-b3dae000 ---p 00000000 00:00 0 
b3dae000-b3e2e000 rw-p 00000000 00:00 0          [stack:5845]
b3e2e000-b3e31000 ---p 00000000 00:00 0 
b3e31000-b3e7f000 rw-p 00000000 00:00 0          [stack:5844]
b3e7f000-b3e82000 ---p 00000000 00:00 0 
b3e82000-b3f00000 rw-p 00000000 00:00 0          [stack:5843]
b3f00000-b4100000 r--p 00000000 08:01 369        /usr/lib/locale/locale-archive
b4100000-b41ab000 rw-p 00000000 00:00 0 
b41ab000-b4200000 ---p 00000000 00:00 0 
b4200000-b4204000 r--s 00034000 08:01 144116     /usr/lib/jvm/java-7-openjdk-i386/jre/lib/ext/sunjce_provider.jar
b4204000-b4207000 r--s 0000f000 08:01 144120     /usr/lib/jvm/java-7-openjdk-i386/jre/lib/ext/icedtea-sound.jar
b4207000-b420b000 r--s 0003c000 08:01 144118     /usr/lib/jvm/java-7-openjdk-i386/jre/lib/ext/sunpkcs11.jar
b420b000-b420d000 r--s 00006000 08:01 276693     /usr/share/java/java-atk-wrapper.jar
b420d000-b4210000 ---p 00000000 00:00 0 
b4210000-b425e000 rw-p 00000000 00:00 0          [stack:5842]
b425e000-b4261000 ---p 00000000 00:00 0 
b4261000-b42af000 rw-p 00000000 00:00 0          [stack:5841]
b42af000-b42b2000 ---p 00000000 00:00 0 
b42b2000-b4300000 rw-p 00000000 00:00 0          [stack:5840]
b4300000-b4301000 ---p 00000000 00:00 0 
b4301000-b43ca000 rw-p 00000000 00:00 0          [stack:5839]
b43ca000-b457b000 r--s 01d29000 08:01 136944     /usr/lib/jvm/java-7-openjdk-i386/jre/lib/rt.jar
b457b000-b4582000 rw-p 00000000 00:00 0 
b4582000-b459c000 rw-p 00000000 00:00 0 
b459c000-b45a5000 rw-p 00000000 00:00 0 
b45a5000-b4647000 rw-p 00000000 00:00 0 
b4647000-b464c000 rw-p 00000000 00:00 0 
b464c000-b469c000 rw-p 00000000 00:00 0 
b469c000-b46a5000 rw-p 00000000 00:00 0 
b46a5000-b4747000 rw-p 00000000 00:00 0 
b4747000-b474d000 rw-p 00000000 00:00 0 
b474d000-b4767000 rw-p 00000000 00:00 0 
b4767000-b4785000 rw-p 00000000 00:00 0 
b4785000-b47f3000 rw-p 00000000 00:00 0 
b47f3000-b4c6b000 rwxp 00000000 00:00 0 
b4c6b000-b67f3000 rw-p 00000000 00:00 0 
b67f3000-b67fe000 r-xp 00000000 08:01 159744     /lib/i386-linux-gnu/libnss_files-2.19.so
b67fe000-b67ff000 r--p 0000a000 08:01 159744     /lib/i386-linux-gnu/libnss_files-2.19.so
b67ff000-b6800000 rw-p 0000b000 08:01 159744     /lib/i386-linux-gnu/libnss_files-2.19.so
b6800000-b68fd000 rw-p 00000000 00:00 0 
b68fd000-b6900000 ---p 00000000 00:00 0 
b6900000-b6902000 r--s 00012000 08:01 144121     /usr/lib/jvm/java-7-openjdk-i386/jre/lib/ext/zipfs.jar
b6902000-b690c000 r-xp 00000000 08:01 159715     /lib/i386-linux-gnu/libnss_nis-2.19.so
b690c000-b690d000 r--p 00009000 08:01 159715     /lib/i386-linux-gnu/libnss_nis-2.19.so
b690d000-b690e000 rw-p 0000a000 08:01 159715     /lib/i386-linux-gnu/libnss_nis-2.19.so
b690e000-b6923000 r-xp 00000000 08:01 159717     /lib/i386-linux-gnu/libnsl-2.19.so
b6923000-b6924000 r--p 00015000 08:01 159717     /lib/i386-linux-gnu/libnsl-2.19.so
b6924000-b6925000 rw-p 00016000 08:01 159717     /lib/i386-linux-gnu/libnsl-2.19.so
b6925000-b6927000 rw-p 00000000 00:00 0 
b6927000-b692e000 r-xp 00000000 08:01 159727     /lib/i386-linux-gnu/libnss_compat-2.19.so
b692e000-b692f000 r--p 00006000 08:01 159727     /lib/i386-linux-gnu/libnss_compat-2.19.so
b692f000-b6930000 rw-p 00007000 08:01 159727     /lib/i386-linux-gnu/libnss_compat-2.19.so
b6930000-b6937000 rw-p 00000000 00:00 0 
b6937000-b693f000 r-xp 00000000 08:01 138893     /usr/lib/jvm/java-7-openjdk-i386/jre/lib/i386/libzip.so
b693f000-b6940000 r--p 00007000 08:01 138893     /usr/lib/jvm/java-7-openjdk-i386/jre/lib/i386/libzip.so
b6940000-b6941000 rw-p 00008000 08:01 138893     /usr/lib/jvm/java-7-openjdk-i386/jre/lib/i386/libzip.so
b6941000-b6949000 rw-s 00000000 08:01 211516     /tmp/hsperfdata_user/5833
b6949000-b6970000 r-xp 00000000 08:01 144073     /usr/lib/jvm/java-7-openjdk-i386/jre/lib/i386/libjava.so
b6970000-b6971000 r--p 00026000 08:01 144073     /usr/lib/jvm/java-7-openjdk-i386/jre/lib/i386/libjava.so
b6971000-b6972000 rw-p 00027000 08:01 144073     /usr/lib/jvm/java-7-openjdk-i386/jre/lib/i386/libjava.so
b6972000-b6979000 r-xp 00000000 08:01 159746     /lib/i386-linux-gnu/librt-2.19.so
b6979000-b697a000 r--p 00006000 08:01 159746     /lib/i386-linux-gnu/librt-2.19.so
b697a000-b697b000 rw-p 00007000 08:01 159746     /lib/i386-linux-gnu/librt-2.19.so
b697b000-b697e000 ---p 00000000 00:00 0 
b697e000-b69cc000 rw-p 00000000 00:00 0          [stack:5836]
b69cc000-b69e8000 r-xp 00000000 08:01 131377     /lib/i386-linux-gnu/libgcc_s.so.1
b69e8000-b69e9000 rw-p 0001b000 08:01 131377     /lib/i386-linux-gnu/libgcc_s.so.1
b69e9000-b6a2d000 r-xp 00000000 08:01 159725     /lib/i386-linux-gnu/libm-2.19.so
b6a2d000-b6a2e000 r--p 00043000 08:01 159725     /lib/i386-linux-gnu/libm-2.19.so
b6a2e000-b6a2f000 rw-p 00044000 08:01 159725     /lib/i386-linux-gnu/libm-2.19.so
b6a2f000-b6b0b000 r-xp 00000000 08:01 540        /usr/lib/i386-linux-gnu/libstdc++.so.6.0.19
b6b0b000-b6b0f000 r--p 000dc000 08:01 540        /usr/lib/i386-linux-gnu/libstdc++.so.6.0.19
b6b0f000-b6b10000 rw-p 000e0000 08:01 540        /usr/lib/i386-linux-gnu/libstdc++.so.6.0.19
b6b10000-b6b17000 rw-p 00000000 00:00 0 
b6b17000-b7142000 r-xp 00000000 08:01 144071     /usr/lib/jvm/java-7-openjdk-i386/jre/lib/i386/client/libjvm.so
b7142000-b7158000 r--p 0062a000 08:01 144071     /usr/lib/jvm/java-7-openjdk-i386/jre/lib/i386/client/libjvm.so
b7158000-b7167000 rw-p 00640000 08:01 144071     /usr/lib/jvm/java-7-openjdk-i386/jre/lib/i386/client/libjvm.so
b7167000-b7582000 rw-p 00000000 00:00 0 
b7582000-b759a000 r-xp 00000000 08:01 158556     /lib/i386-linux-gnu/libz.so.1.2.8
b759a000-b759b000 r--p 00017000 08:01 158556     /lib/i386-linux-gnu/libz.so.1.2.8
b759b000-b759c000 rw-p 00018000 08:01 158556     /lib/i386-linux-gnu/libz.so.1.2.8
b759c000-b75b4000 r-xp 00000000 08:01 159736     /lib/i386-linux-gnu/libpthread-2.19.so
b75b4000-b75b5000 r--p 00018000 08:01 159736     /lib/i386-linux-gnu/libpthread-2.19.so
b75b5000-b75b6000 rw-p 00019000 08:01 159736     /lib/i386-linux-gnu/libpthread-2.19.so
b75b6000-b75b8000 rw-p 00000000 00:00 0 
b75b8000-b75bb000 r-xp 00000000 08:01 159003     /lib/i386-linux-gnu/libdl-2.19.so
b75bb000-b75bc000 r--p 00002000 08:01 159003     /lib/i386-linux-gnu/libdl-2.19.so
b75bc000-b75bd000 rw-p 00003000 08:01 159003     /lib/i386-linux-gnu/libdl-2.19.so
b75bd000-b7765000 r-xp 00000000 08:01 159001     /lib/i386-linux-gnu/libc-2.19.so
b7765000-b7767000 r--p 001a8000 08:01 159001     /lib/i386-linux-gnu/libc-2.19.so
b7767000-b7768000 rw-p 001aa000 08:01 159001     /lib/i386-linux-gnu/libc-2.19.so
b7768000-b776b000 rw-p 00000000 00:00 0 
b776b000-b776c000 r--p 002c5000 08:01 369        /usr/lib/locale/locale-archive
b776c000-b7773000 rw-p 00000000 00:00 0 
b7773000-b7774000 r--p 00000000 00:00 0 
b7774000-b7782000 r-xp 00000000 08:01 138970     /usr/lib/jvm/java-7-openjdk-i386/jre/lib/i386/libverify.so
b7782000-b7783000 r--p 0000d000 08:01 138970     /usr/lib/jvm/java-7-openjdk-i386/jre/lib/i386/libverify.so
b7783000-b7784000 rw-p 0000e000 08:01 138970     /usr/lib/jvm/java-7-openjdk-i386/jre/lib/i386/libverify.so
b7784000-b7790000 r-xp 00000000 08:01 138927     /usr/lib/jvm/java-7-openjdk-i386/jre/lib/i386/jli/libjli.so
b7790000-b7791000 r--p 0000c000 08:01 138927     /usr/lib/jvm/java-7-openjdk-i386/jre/lib/i386/jli/libjli.so
b7791000-b7792000 rw-p 0000d000 08:01 138927     /usr/lib/jvm/java-7-openjdk-i386/jre/lib/i386/jli/libjli.so
b7792000-b7795000 rw-p 00000000 00:00 0 
b7795000-b7796000 r-xp 00000000 00:00 0          [vdso]
b7796000-b77b6000 r-xp 00000000 08:01 159713     /lib/i386-linux-gnu/ld-2.19.so
b77b6000-b77b7000 r--p 0001f000 08:01 159713     /lib/i386-linux-gnu/ld-2.19.so
b77b7000-b77b8000 rw-p 00020000 08:01 159713     /lib/i386-linux-gnu/ld-2.19.so
bfb4f000-bfb50000 rwxp 00000000 00:00 0 
bfb82000-bfba3000 rw-p 00000000 00:00 0          [stack]

VM Arguments:
jvm_args: -Xmx512m -Duser.language=en 
java_command: org.contikios.cooja.Cooja
Launcher Type: SUN_STANDARD

Environment Variables:
JAVA_HOME=/usr/lib/jvm/java-7-openjdk-i386
PATH=/usr/local/sdcc/bin:/usr/local/sbin:/usr/local/bin:/usr/sbin:/usr/bin:/sbin:/bin:/usr/games:/usr/local/games:/home/user/CodeSourcery/Sourcery_G++_Lite/bin:/usr/local/msp430/bin:/home/user/CodeSourcery/Sourcery_G++_Lite/bin
LD_LIBRARY_PATH=.
SHELL=/bin/bash
DISPLAY=:0.0

Signal Handlers:
SIGSEGV: [libjvm.so+0x4e6b10], sa_mask[0]=0x7ffbfeff, sa_flags=0x10000004
SIGBUS: [libjvm.so+0x4e6b10], sa_mask[0]=0x7ffbfeff, sa_flags=0x10000004
SIGFPE: [libjvm.so+0x3c5790], sa_mask[0]=0x7ffbfeff, sa_flags=0x10000004
SIGPIPE: [libjvm.so+0x3c5790], sa_mask[0]=0x7ffbfeff, sa_flags=0x10000004
SIGXFSZ: [libjvm.so+0x3c5790], sa_mask[0]=0x7ffbfeff, sa_flags=0x10000004
SIGILL: [libjvm.so+0x3c5790], sa_mask[0]=0x7ffbfeff, sa_flags=0x10000004
SIGUSR1: SIG_DFL, sa_mask[0]=0x00000000, sa_flags=0x00000000
SIGUSR2: [libjvm.so+0x3c5620], sa_mask[0]=0x00000004, sa_flags=0x10000004
SIGHUP: [libjvm.so+0x3c5850], sa_mask[0]=0x7ffbfeff, sa_flags=0x10000004
SIGINT: [libjvm.so+0x3c5850], sa_mask[0]=0x7ffbfeff, sa_flags=0x10000004
SIGTERM: [libjvm.so+0x3c5850], sa_mask[0]=0x7ffbfeff, sa_flags=0x10000004
SIGQUIT: [libjvm.so+0x3c5850], sa_mask[0]=0x7ffbfeff, sa_flags=0x10000004
SIGTRAP: SIG_DFL, sa_mask[0]=0x00000000, sa_flags=0x00000000


---------------  S Y S T E M  ---------------

OS:Ubuntu 14.04 (trusty)
uname:Linux 3.13.0-62-generic #102-Ubuntu SMP Tue Aug 11 14:28:35 UTC 2015 i686
libc:glibc 2.19 NPTL 2.19 
rlimit: STACK 8192k, CORE 0k, NPROC 7864, NOFILE 4096, AS infinity
load average:1.15 0.51 0.49

/proc/meminfo:
MemTotal:        1025932 kB
MemFree:           84192 kB
Buffers:           74704 kB
Cached:           454736 kB
SwapCached:           28 kB
Active:           553944 kB
Inactive:         321400 kB
Active(anon):     277132 kB
Inactive(anon):    84676 kB
Active(file):     276812 kB
Inactive(file):   236724 kB
Unevictable:          32 kB
Mlocked:              32 kB
HighTotal:        135112 kB
HighFree:          13936 kB
LowTotal:         890820 kB
LowFree:           70256 kB
SwapTotal:       1046524 kB
SwapFree:        1046292 kB
Dirty:              4800 kB
Writeback:             0 kB
AnonPages:        345924 kB
Mapped:            99244 kB
Shmem:             15888 kB
Slab:              51316 kB
SReclaimable:      40316 kB
SUnreclaim:        11000 kB
KernelStack:        2816 kB
PageTables:         6244 kB
NFS_Unstable:          0 kB
Bounce:                0 kB
WritebackTmp:          0 kB
CommitLimit:     1559488 kB
Committed_AS:    2345228 kB
VmallocTotal:     122880 kB
VmallocUsed:        3180 kB
VmallocChunk:     110012 kB
HardwareCorrupted:     0 kB
AnonHugePages:    161792 kB
HugePages_Total:       0
HugePages_Free:        0
HugePages_Rsvd:        0
HugePages_Surp:        0
Hugepagesize:       2048 kB
DirectMap4k:       16376 kB
DirectMap2M:      897024 kB


CPU:total 1 (1 cores per cpu, 1 threads per core) family 6 model 61 stepping 4, cmov, cx8, fxsr, mmx, sse, sse2, sse3, ssse3, sse4.1, sse4.2, popcnt, avx, avx2, aes, tsc, tscinvbit

/proc/cpuinfo:
processor	: 0
vendor_id	: GenuineIntel
cpu family	: 6
model		: 61
model name	: Intel(R) Core(TM) i3-5010U CPU @ 2.10GHz
stepping	: 4
cpu MHz		: 2095.150
cache size	: 3072 KB
physical id	: 0
siblings	: 1
core id		: 0
cpu cores	: 1
apicid		: 0
initial apicid	: 0
fdiv_bug	: no
f00f_bug	: no
coma_bug	: no
fpu		: yes
fpu_exception	: yes
cpuid level	: 20
wp		: yes
flags		: fpu vme de pse tsc msr pae mce cx8 apic sep mtrr pge mca cmov pat pse36 clflush mmx fxsr sse sse2 nx rdtscp constant_tsc xtopology nonstop_tsc pni pclmulqdq monitor ssse3 cx16 pcid sse4_1 sse4_2 x2apic movbe popcnt aes xsave avx rdrand hypervisor lahf_lm abm 3dnowprefetch fsgsbase avx2 invpcid rdseed
bogomips	: 4190.30
clflush size	: 64
cache_alignment	: 64
address sizes	: 39 bits physical, 48 bits virtual
power management:



Memory: 4k page, physical 1025932k(84192k free), swap 1046524k(1046292k free)

vm_info: OpenJDK Client VM (24.79-b02) for linux-x86 JRE (1.7.0_79-b14), built on Jul 24 2015 08:28:59 by "buildd" with gcc 4.8.2

time: Sat Feb  2 12:25:21 2019
elapsed time: 419 seconds

