#
# A fatal error has been detected by the Java Runtime Environment:
#
#  SIGSEGV (0xb) at pc=0xb1a33052, pid=3799, tid=2997447488
#
# JRE version: OpenJDK Runtime Environment (7.0_79-b14) (build 1.7.0_79-b14)
# Java VM: OpenJDK Client VM (24.79-b02 mixed mode, sharing linux-x86 )
# Derivative: IcedTea 2.5.6
# Distribution: Ubuntu 14.04 LTS, package 7u79-2.5.6-0ubuntu1.14.04.1
# Problematic frame:
# C  [mtype531.cooja+0x32052]  handle_probing_timer+0x82
#
# Failed to write core dump. Core dumps have been disabled. To enable core dumping, try "ulimit -c unlimited" before starting Java again
#
# If you would like to submit a bug report, please include
# instructions on how to reproduce the bug and visit:
#   http://icedtea.classpath.org/bugzilla
# The crash happened outside the Java Virtual Machine in native code.
# See problematic frame for where to report the bug.
#

---------------  T H R E A D  ---------------

Current thread (0x08713000):  JavaThread "Thread-32" [_thread_in_native, id=4373, stack(0xb2a46000,0xb2a97000)]

siginfo:si_signo=SIGSEGV: si_errno=0, si_code=1 (SEGV_MAPERR), si_addr=0x00000000

Registers:
EAX=0x000c4b02, EBX=0xb1a43138, ECX=0x00000000, EDX=0x00000000
ESP=0xb1a453b0, EBP=0xb1a453d8, ESI=0x00000000, EDI=0x00000000
EIP=0xb1a33052, EFLAGS=0x00010286, CR2=0x00000000

Top of Stack: (sp=0xb1a453b0)
0xb1a453b0:   b1a38b59 b1a38b54 b1a38b50 b1a19aec
0xb1a453c0:   b1a6f0a0 b1a6ac00 b1a4dd00 00000000
0xb1a453d0:   b1a43138 00000000 b1a45408 b1a18a53
0xb1a453e0:   b1a6f0a0 b1a6f14c b1a6f150 00000088
0xb1a453f0:   00000000 01000000 b1a6f14c b1a4312c
0xb1a45400:   b1a43024 b1a4328c b1a45438 b1a19650
0xb1a45410:   b1a43138 00000088 b1a6f150 00000088
0xb1a45420:   b1a16e2c 0000000a b1a45458 00000001 

Instructions: (pc=0xb1a33052)
0xb1a33032:   24 04 54 8b a3 b1 c7 04 24 59 8b a3 b1 e8 11 3e
0xb1a33042:   fe ff 83 7d ec 00 74 1a e8 4b 3c fe ff 8b 55 f4
0xb1a33052:   8b 12 29 d0 ba 73 b2 e7 45 f7 e2 89 d6 c1 ee 0e
0xb1a33062:   eb 05 be 00 00 00 00 8b 45 e8 8b 80 cc 00 00 00 

Register to memory mapping:

EAX=0x000c4b02 is an unknown value
EBX=0xb1a43138: ctimer_process+0xc in /home/user/Desktop/contiki-ng-develop/examples/6tisch/orchestra-test/build/cooja/mtype531.cooja at 0xb1a01000
ECX=0x00000000 is an unknown value
EDX=0x00000000 is an unknown value
ESP=0xb1a453b0: <offset 0x443b0> in /home/user/Desktop/contiki-ng-develop/examples/6tisch/orchestra-test/build/cooja/mtype531.cooja at 0xb1a01000
EBP=0xb1a453d8: <offset 0x443d8> in /home/user/Desktop/contiki-ng-develop/examples/6tisch/orchestra-test/build/cooja/mtype531.cooja at 0xb1a01000
ESI=0x00000000 is an unknown value
EDI=0x00000000 is an unknown value


Stack: [0xb2a46000,0xb2a97000],  sp=0xb1a453b0,  free space=4177916k
Native frames: (J=compiled Java code, j=interpreted, Vv=VM code, C=native code)
C  [mtype531.cooja+0x32052]  handle_probing_timer+0x82
C  [mtype531.cooja+0x17a53]  process_thread_ctimer_process+0xe7
C  [mtype531.cooja+0x18650]  call_process+0x57
C  [mtype531.cooja+0x18845]  do_event+0x112
C  [mtype531.cooja+0x18862]  process_run+0x1b
C  [mtype531.cooja+0x153dd]  platform_main_loop+0xb
C  [mtype531.cooja+0x178d7]  main+0x317
C  [mtype531.cooja+0x15442]  process_run_thread_loop+0x1a

Java frames: (J=compiled Java code, j=interpreted, Vv=VM code)
J 2328  org.contikios.cooja.corecomm.Lib6.tick()V (0 bytes) @ 0xb4afb9d0 [0xb4afb990+0x40]

[error occurred during error reporting (printing Java stack), id 0xb]


---------------  P R O C E S S  ---------------

Java Threads: ( => current thread )
=>