#
# A fatal error has been detected by the Java Runtime Environment:
#
#  SIGSEGV (0xb) at pc=0xb25fa052, pid=4389, tid=2998332224
#
# JRE version: OpenJDK Runtime Environment (7.0_79-b14) (build 1.7.0_79-b14)
# Java VM: OpenJDK Client VM (24.79-b02 mixed mode, sharing linux-x86 )
# Derivative: IcedTea 2.5.6
# Distribution: Ubuntu 14.04 LTS, package 7u79-2.5.6-0ubuntu1.14.04.1
# Problematic frame:
# C  [mtype61.cooja+0x32052]  handle_probing_timer+0x82
#
# Failed to write core dump. Core dumps have been disabled. To enable core dumping, try "ulimit -c unlimited" before starting Java again
#
# If you would like to submit a bug report, please include
# instructions on how to reproduce the bug and visit:
#   http://icedtea.classpath.org/bugzilla
# The crash happened outside the Java Virtual Machine in native code.
# See problematic frame for where to report the bug.
#

---------------  T H R E A D  ---------------

Current thread (0x095fc000):  JavaThread "Thread-12" [_thread_in_native, id=4870, stack(0xb2b1e000,0xb2b6f000)]

siginfo:si_signo=SIGSEGV: si_errno=0, si_code=1 (SEGV_MAPERR), si_addr=0x00000000

Registers:
EAX=0x000c4b02, EBX=0xb260a138, ECX=0x00000000, EDX=0x00000000
ESP=0xb260c3b0, EBP=0xb260c3d8, ESI=0x00000000, EDI=0x00000000
EIP=0xb25fa052, EFLAGS=0x00010286, CR2=0x00000000

Top of Stack: (sp=0xb260c3b0)
0xb260c3b0:   b25ffb59 b25ffb54 b25ffb50 b25e0aec
0xb260c3c0:   b26360a0 b2631c00 b2614d00 00000000
0xb260c3d0:   b260a138 00000000 b260c408 b25dfa53
0xb260c3e0:   b26360a0 b263614c b2636150 00000088
0xb260c3f0:   00000000 01000000 b263614c b260a12c
0xb260c400:   b260a024 b260a28c b260c438 b25e0650
0xb260c410:   b260a138 00000088 b2636150 00000088
0xb260c420:   b25dde2c 0000000a b260c458 00000001 

Instructions: (pc=0xb25fa052)
0xb25fa032:   24 04 54 fb 5f b2 c7 04 24 59 fb 5f b2 e8 11 3e
0xb25fa042:   fe ff 83 7d ec 00 74 1a e8 4b 3c fe ff 8b 55 f4
0xb25fa052:   8b 12 29 d0 ba 73 b2 e7 45 f7 e2 89 d6 c1 ee 0e
0xb25fa062:   eb 05 be 00 00 00 00 8b 45 e8 8b 80 cc 00 00 00 

Register to memory mapping:

EAX=0x000c4b02 is an unknown value
EBX=0xb260a138: ctimer_process+0xc in /home/user/Desktop/contiki-ng-develop/examples/6tisch/orchestra-test/build/cooja/mtype61.cooja at 0xb25c8000
ECX=0x00000000 is an unknown value
EDX=0x00000000 is an unknown value
ESP=0xb260c3b0: <offset 0x443b0> in /home/user/Desktop/contiki-ng-develop/examples/6tisch/orchestra-test/build/cooja/mtype61.cooja at 0xb25c8000
EBP=0xb260c3d8: <offset 0x443d8> in /home/user/Desktop/contiki-ng-develop/examples/6tisch/orchestra-test/build/cooja/mtype61.cooja at 0xb25c8000
ESI=0x00000000 is an unknown value
EDI=0x00000000 is an unknown value


Stack: [0xb2b1e000,0xb2b6f000],  sp=0xb260c3b0,  free space=4189112k
Native frames: (J=compiled Java code, j=interpreted, Vv=VM code, C=native code)
C  [mtype61.cooja+0x32052]  handle_probing_timer+0x82
C  [mtype61.cooja+0x17a53]  process_thread_ctimer_process+0xe7
C  [mtype61.cooja+0x18650]  call_process+0x57
C  [mtype61.cooja+0x18845]  do_event+0x112
C  [mtype61.cooja+0x18862]  process_run+0x1b
C  [mtype61.cooja+0x153dd]  platform_main_loop+0xb
C  [mtype61.cooja+0x178d7]  main+0x317
C  [mtype61.cooja+0x15442]  process_run_thread_loop+0x1a

Java frames: (J=compiled Java code, j=interpreted, Vv=VM code)
J 2165  org.contikios.cooja.corecomm.Lib4.tick()V (0 bytes) @ 0xb4b90010 [0xb4b8ffd0+0x40]

[error occurred during error reporting (printing Java stack), id 0xb]


---------------  P R O C E S S  ---------------

Java Threads: ( => current thread )
=>